[2026-06-10T09:14:05.590+0000] {local_task_job_runner.py:120} INFO - ::group::Pre task execution logs
[2026-06-10T09:14:05.640+0000] {taskinstance.py:2076} INFO - Dependencies all met for dep_context=non-requeueable deps ti=<TaskInstance: weather_pipeline_v2.transform_data manual__2026-06-10T09:13:59.737262+00:00 [queued]>
[2026-06-10T09:14:05.654+0000] {taskinstance.py:2076} INFO - Dependencies all met for dep_context=requeueable deps ti=<TaskInstance: weather_pipeline_v2.transform_data manual__2026-06-10T09:13:59.737262+00:00 [queued]>
[2026-06-10T09:14:05.656+0000] {taskinstance.py:2306} INFO - Starting attempt 1 of 3
[2026-06-10T09:14:05.675+0000] {taskinstance.py:2330} INFO - Executing <Task(PythonOperator): transform_data> on 2026-06-10 09:13:59.737262+00:00
[2026-06-10T09:14:05.685+0000] {logging_mixin.py:188} WARNING - /home/***/.local/lib/python3.12/site-packages/***/task/task_runner/standard_task_runner.py:61 DeprecationWarning: This process (pid=296) is multi-threaded, use of fork() may lead to deadlocks in the child.
[2026-06-10T09:14:05.687+0000] {standard_task_runner.py:63} INFO - Started process 297 to run task
[2026-06-10T09:14:05.685+0000] {standard_task_runner.py:90} INFO - Running: ['***', 'tasks', 'run', 'weather_pipeline_v2', 'transform_data', 'manual__2026-06-10T09:13:59.737262+00:00', '--job-id', '11', '--raw', '--subdir', 'DAGS_FOLDER/weather_pipeline_v2.py', '--cfg-path', '/tmp/tmp_ve43g7v']
[2026-06-10T09:14:05.689+0000] {standard_task_runner.py:91} INFO - Job 11: Subtask transform_data
[2026-06-10T09:14:05.775+0000] {task_command.py:426} INFO - Running <TaskInstance: weather_pipeline_v2.transform_data manual__2026-06-10T09:13:59.737262+00:00 [running]> on host a8f4778724dd
[2026-06-10T09:14:05.912+0000] {taskinstance.py:2648} INFO - Exporting env vars: AIRFLOW_CTX_DAG_OWNER='***' AIRFLOW_CTX_DAG_ID='weather_pipeline_v2' AIRFLOW_CTX_TASK_ID='transform_data' AIRFLOW_CTX_EXECUTION_DATE='2026-06-10T09:13:59.737262+00:00' AIRFLOW_CTX_TRY_NUMBER='1' AIRFLOW_CTX_DAG_RUN_ID='manual__2026-06-10T09:13:59.737262+00:00'
[2026-06-10T09:14:05.914+0000] {taskinstance.py:430} INFO - ::endgroup::
[2026-06-10T09:14:05.962+0000] {weather_pipeline_v2.py:112} WARNING - [transform] Mode anomalie activé — injection de valeurs invalides
[2026-06-10T09:14:05.963+0000] {transform.py:36} WARNING - [transform] Injection anomalie qualité (simulate_quality_failure=true)
[2026-06-10T09:14:05.965+0000] {transform.py:40} INFO - [transform] 4 ligne(s) transformée(s)
[2026-06-10T09:14:05.986+0000] {python.py:237} INFO - Done. Returned value was: None
[2026-06-10T09:14:05.987+0000] {taskinstance.py:441} INFO - ::group::Post task execution logs
[2026-06-10T09:14:06.001+0000] {taskinstance.py:1206} INFO - Marking task as SUCCESS. dag_id=weather_pipeline_v2, task_id=transform_data, run_id=manual__2026-06-10T09:13:59.737262+00:00, execution_date=20260610T091359, start_date=20260610T091405, end_date=20260610T091406
[2026-06-10T09:14:06.023+0000] {local_task_job_runner.py:240} INFO - Task exited with return code 0
[2026-06-10T09:14:06.065+0000] {taskinstance.py:3498} INFO - 1 downstream tasks scheduled from follow-on schedule check
[2026-06-10T09:14:06.069+0000] {local_task_job_runner.py:222} INFO - ::endgroup::
