[2026-06-10T09:08:42.268+0000] {local_task_job_runner.py:120} INFO - ::group::Pre task execution logs
[2026-06-10T09:08:42.331+0000] {taskinstance.py:2076} INFO - Dependencies all met for dep_context=non-requeueable deps ti=<TaskInstance: weather_pipeline_v2.load_to_postgresql manual__2026-06-10T09:08:32.258539+00:00 [queued]>
[2026-06-10T09:08:42.349+0000] {taskinstance.py:2076} INFO - Dependencies all met for dep_context=requeueable deps ti=<TaskInstance: weather_pipeline_v2.load_to_postgresql manual__2026-06-10T09:08:32.258539+00:00 [queued]>
[2026-06-10T09:08:42.351+0000] {taskinstance.py:2306} INFO - Starting attempt 1 of 3
[2026-06-10T09:08:42.373+0000] {taskinstance.py:2330} INFO - Executing <Task(PythonOperator): load_to_postgresql> on 2026-06-10 09:08:32.258539+00:00
[2026-06-10T09:08:42.383+0000] {logging_mixin.py:188} WARNING - /home/***/.local/lib/python3.12/site-packages/***/task/task_runner/standard_task_runner.py:61 DeprecationWarning: This process (pid=236) is multi-threaded, use of fork() may lead to deadlocks in the child.
[2026-06-10T09:08:42.383+0000] {standard_task_runner.py:90} INFO - Running: ['***', 'tasks', 'run', 'weather_pipeline_v2', 'load_to_postgresql', 'manual__2026-06-10T09:08:32.258539+00:00', '--job-id', '7', '--raw', '--subdir', 'DAGS_FOLDER/weather_pipeline_v2.py', '--cfg-path', '/tmp/tmpsai9m012']
[2026-06-10T09:08:42.387+0000] {standard_task_runner.py:63} INFO - Started process 239 to run task
[2026-06-10T09:08:42.388+0000] {standard_task_runner.py:91} INFO - Job 7: Subtask load_to_postgresql
[2026-06-10T09:08:42.469+0000] {task_command.py:426} INFO - Running <TaskInstance: weather_pipeline_v2.load_to_postgresql manual__2026-06-10T09:08:32.258539+00:00 [running]> on host a8f4778724dd
[2026-06-10T09:08:42.613+0000] {taskinstance.py:2648} INFO - Exporting env vars: AIRFLOW_CTX_DAG_OWNER='***' AIRFLOW_CTX_DAG_ID='weather_pipeline_v2' AIRFLOW_CTX_TASK_ID='load_to_postgresql' AIRFLOW_CTX_EXECUTION_DATE='2026-06-10T09:08:32.258539+00:00' AIRFLOW_CTX_TRY_NUMBER='1' AIRFLOW_CTX_DAG_RUN_ID='manual__2026-06-10T09:08:32.258539+00:00'
[2026-06-10T09:08:42.617+0000] {taskinstance.py:430} INFO - ::endgroup::
[2026-06-10T09:08:42.661+0000] {crypto.py:82} WARNING - empty cryptography key - values will not be stored encrypted.
[2026-06-10T09:08:42.663+0000] {base.py:84} INFO - Using connection ID '***_db' for task execution.
[2026-06-10T09:08:42.696+0000] {weather_pipeline_v2.py:177} INFO - [load] 4 ligne(s) insérée(s) | Total en base : 4
[2026-06-10T09:08:42.697+0000] {python.py:237} INFO - Done. Returned value was: None
[2026-06-10T09:08:42.698+0000] {taskinstance.py:441} INFO - ::group::Post task execution logs
[2026-06-10T09:08:42.713+0000] {taskinstance.py:1206} INFO - Marking task as SUCCESS. dag_id=***_pipeline_v2, task_id=load_to_postgresql, run_id=manual__2026-06-10T09:08:32.258539+00:00, execution_date=20260610T090832, start_date=20260610T090842, end_date=20260610T090842
[2026-06-10T09:08:42.766+0000] {local_task_job_runner.py:240} INFO - Task exited with return code 0
[2026-06-10T09:08:42.807+0000] {taskinstance.py:3498} INFO - 1 downstream tasks scheduled from follow-on schedule check
[2026-06-10T09:08:42.814+0000] {local_task_job_runner.py:222} INFO - ::endgroup::
