[2026-06-10T09:14:03.310+0000] {local_task_job_runner.py:120} INFO - ::group::Pre task execution logs
[2026-06-10T09:14:03.377+0000] {taskinstance.py:2076} INFO - Dependencies all met for dep_context=non-requeueable deps ti=<TaskInstance: weather_pipeline_v2.archive_raw_data manual__2026-06-10T09:13:59.737262+00:00 [queued]>
[2026-06-10T09:14:03.395+0000] {taskinstance.py:2076} INFO - Dependencies all met for dep_context=requeueable deps ti=<TaskInstance: weather_pipeline_v2.archive_raw_data manual__2026-06-10T09:13:59.737262+00:00 [queued]>
[2026-06-10T09:14:03.397+0000] {taskinstance.py:2306} INFO - Starting attempt 1 of 3
[2026-06-10T09:14:03.417+0000] {taskinstance.py:2330} INFO - Executing <Task(PythonOperator): archive_raw_data> on 2026-06-10 09:13:59.737262+00:00
[2026-06-10T09:14:03.426+0000] {logging_mixin.py:188} WARNING - /home/***/.local/lib/python3.12/site-packages/***/task/task_runner/standard_task_runner.py:61 DeprecationWarning: This process (pid=294) is multi-threaded, use of fork() may lead to deadlocks in the child.
[2026-06-10T09:14:03.428+0000] {standard_task_runner.py:63} INFO - Started process 295 to run task
[2026-06-10T09:14:03.427+0000] {standard_task_runner.py:90} INFO - Running: ['***', 'tasks', 'run', 'weather_pipeline_v2', 'archive_raw_data', 'manual__2026-06-10T09:13:59.737262+00:00', '--job-id', '10', '--raw', '--subdir', 'DAGS_FOLDER/weather_pipeline_v2.py', '--cfg-path', '/tmp/tmp2scgt53_']
[2026-06-10T09:14:03.430+0000] {standard_task_runner.py:91} INFO - Job 10: Subtask archive_raw_data
[2026-06-10T09:14:03.531+0000] {task_command.py:426} INFO - Running <TaskInstance: weather_pipeline_v2.archive_raw_data manual__2026-06-10T09:13:59.737262+00:00 [running]> on host a8f4778724dd
[2026-06-10T09:14:03.713+0000] {taskinstance.py:2648} INFO - Exporting env vars: AIRFLOW_CTX_DAG_OWNER='***' AIRFLOW_CTX_DAG_ID='weather_pipeline_v2' AIRFLOW_CTX_TASK_ID='archive_raw_data' AIRFLOW_CTX_EXECUTION_DATE='2026-06-10T09:13:59.737262+00:00' AIRFLOW_CTX_TRY_NUMBER='1' AIRFLOW_CTX_DAG_RUN_ID='manual__2026-06-10T09:13:59.737262+00:00'
[2026-06-10T09:14:03.716+0000] {taskinstance.py:430} INFO - ::endgroup::
[2026-06-10T09:14:03.767+0000] {archive.py:25} INFO - [archive] JSON brut sauvegardé : /tmp/weather_archive/2026-06-10/manual__2026-06-10T09_13_59.737262_00_00.json
[2026-06-10T09:14:03.770+0000] {crypto.py:82} WARNING - empty cryptography key - values will not be stored encrypted.
[2026-06-10T09:14:03.772+0000] {base.py:84} INFO - Using connection ID '***_db' for task execution.
[2026-06-10T09:14:03.806+0000] {python.py:237} INFO - Done. Returned value was: None
[2026-06-10T09:14:03.807+0000] {taskinstance.py:441} INFO - ::group::Post task execution logs
[2026-06-10T09:14:03.823+0000] {taskinstance.py:1206} INFO - Marking task as SUCCESS. dag_id=***_pipeline_v2, task_id=archive_raw_data, run_id=manual__2026-06-10T09:13:59.737262+00:00, execution_date=20260610T091359, start_date=20260610T091403, end_date=20260610T091403
[2026-06-10T09:14:03.887+0000] {local_task_job_runner.py:240} INFO - Task exited with return code 0
[2026-06-10T09:14:03.951+0000] {taskinstance.py:3498} INFO - 1 downstream tasks scheduled from follow-on schedule check
[2026-06-10T09:14:03.956+0000] {local_task_job_runner.py:222} INFO - ::endgroup::
