[2026-06-10T09:05:36.596+0000] {processor.py:161} INFO - Started process (PID=193) to work on /opt/airflow/dags/weather_pipeline_v2.py
[2026-06-10T09:05:36.598+0000] {processor.py:830} INFO - Processing file /opt/airflow/dags/weather_pipeline_v2.py for tasks to queue
[2026-06-10T09:05:36.602+0000] {logging_mixin.py:188} INFO - [2026-06-10T09:05:36.602+0000] {dagbag.py:545} INFO - Filling up the DagBag from /opt/airflow/dags/weather_pipeline_v2.py
[2026-06-10T09:05:37.053+0000] {processor.py:840} INFO - DAG(s) 'weather_pipeline_v2' retrieved from /opt/airflow/dags/weather_pipeline_v2.py
[2026-06-10T09:05:37.541+0000] {logging_mixin.py:188} INFO - [2026-06-10T09:05:37.540+0000] {override.py:1829} INFO - Created Permission View: can delete on DAG:weather_pipeline_v2
[2026-06-10T09:05:37.563+0000] {logging_mixin.py:188} INFO - [2026-06-10T09:05:37.562+0000] {override.py:1829} INFO - Created Permission View: can read on DAG:weather_pipeline_v2
[2026-06-10T09:05:37.626+0000] {logging_mixin.py:188} INFO - [2026-06-10T09:05:37.626+0000] {override.py:1829} INFO - Created Permission View: can edit on DAG:weather_pipeline_v2
[2026-06-10T09:05:37.628+0000] {logging_mixin.py:188} INFO - [2026-06-10T09:05:37.628+0000] {dag.py:3096} INFO - Sync 1 DAGs
[2026-06-10T09:05:37.653+0000] {logging_mixin.py:188} INFO - [2026-06-10T09:05:37.653+0000] {dag.py:3118} INFO - Creating ORM DAG for weather_pipeline_v2
[2026-06-10T09:05:37.657+0000] {logging_mixin.py:188} INFO - [2026-06-10T09:05:37.657+0000] {dag.py:3954} INFO - Setting next_dagrun for weather_pipeline_v2 to None, run_after=None
[2026-06-10T09:05:37.706+0000] {processor.py:183} INFO - Processing /opt/airflow/dags/weather_pipeline_v2.py took 1.121 seconds
[2026-06-10T09:06:07.987+0000] {processor.py:161} INFO - Started process (PID=198) to work on /opt/airflow/dags/weather_pipeline_v2.py
[2026-06-10T09:06:07.989+0000] {processor.py:830} INFO - Processing file /opt/airflow/dags/weather_pipeline_v2.py for tasks to queue
[2026-06-10T09:06:07.992+0000] {logging_mixin.py:188} INFO - [2026-06-10T09:06:07.992+0000] {dagbag.py:545} INFO - Filling up the DagBag from /opt/airflow/dags/weather_pipeline_v2.py
[2026-06-10T09:06:08.127+0000] {processor.py:840} INFO - DAG(s) 'weather_pipeline_v2' retrieved from /opt/airflow/dags/weather_pipeline_v2.py
[2026-06-10T09:06:08.172+0000] {logging_mixin.py:188} INFO - [2026-06-10T09:06:08.171+0000] {dag.py:3096} INFO - Sync 1 DAGs
[2026-06-10T09:06:08.192+0000] {logging_mixin.py:188} INFO - [2026-06-10T09:06:08.191+0000] {dag.py:3954} INFO - Setting next_dagrun for weather_pipeline_v2 to None, run_after=None
[2026-06-10T09:06:08.233+0000] {processor.py:183} INFO - Processing /opt/airflow/dags/weather_pipeline_v2.py took 0.259 seconds
[2026-06-10T09:06:38.390+0000] {processor.py:161} INFO - Started process (PID=203) to work on /opt/airflow/dags/weather_pipeline_v2.py
[2026-06-10T09:06:38.396+0000] {processor.py:830} INFO - Processing file /opt/airflow/dags/weather_pipeline_v2.py for tasks to queue
[2026-06-10T09:06:38.402+0000] {logging_mixin.py:188} INFO - [2026-06-10T09:06:38.401+0000] {dagbag.py:545} INFO - Filling up the DagBag from /opt/airflow/dags/weather_pipeline_v2.py
[2026-06-10T09:06:38.595+0000] {processor.py:840} INFO - DAG(s) 'weather_pipeline_v2' retrieved from /opt/airflow/dags/weather_pipeline_v2.py
[2026-06-10T09:06:38.666+0000] {logging_mixin.py:188} INFO - [2026-06-10T09:06:38.666+0000] {dag.py:3096} INFO - Sync 1 DAGs
[2026-06-10T09:06:38.693+0000] {logging_mixin.py:188} INFO - [2026-06-10T09:06:38.693+0000] {dag.py:3954} INFO - Setting next_dagrun for weather_pipeline_v2 to None, run_after=None
[2026-06-10T09:06:38.735+0000] {processor.py:183} INFO - Processing /opt/airflow/dags/weather_pipeline_v2.py took 0.368 seconds
[2026-06-10T09:07:09.094+0000] {processor.py:161} INFO - Started process (PID=208) to work on /opt/airflow/dags/weather_pipeline_v2.py
[2026-06-10T09:07:09.097+0000] {processor.py:830} INFO - Processing file /opt/airflow/dags/weather_pipeline_v2.py for tasks to queue
[2026-06-10T09:07:09.103+0000] {logging_mixin.py:188} INFO - [2026-06-10T09:07:09.102+0000] {dagbag.py:545} INFO - Filling up the DagBag from /opt/airflow/dags/weather_pipeline_v2.py
[2026-06-10T09:07:09.317+0000] {processor.py:840} INFO - DAG(s) 'weather_pipeline_v2' retrieved from /opt/airflow/dags/weather_pipeline_v2.py
[2026-06-10T09:07:09.379+0000] {logging_mixin.py:188} INFO - [2026-06-10T09:07:09.378+0000] {dag.py:3096} INFO - Sync 1 DAGs
[2026-06-10T09:07:09.411+0000] {logging_mixin.py:188} INFO - [2026-06-10T09:07:09.410+0000] {dag.py:3954} INFO - Setting next_dagrun for weather_pipeline_v2 to None, run_after=None
[2026-06-10T09:07:09.452+0000] {processor.py:183} INFO - Processing /opt/airflow/dags/weather_pipeline_v2.py took 0.384 seconds
[2026-06-10T09:07:39.842+0000] {processor.py:161} INFO - Started process (PID=213) to work on /opt/airflow/dags/weather_pipeline_v2.py
[2026-06-10T09:07:39.845+0000] {processor.py:830} INFO - Processing file /opt/airflow/dags/weather_pipeline_v2.py for tasks to queue
[2026-06-10T09:07:39.848+0000] {logging_mixin.py:188} INFO - [2026-06-10T09:07:39.848+0000] {dagbag.py:545} INFO - Filling up the DagBag from /opt/airflow/dags/weather_pipeline_v2.py
[2026-06-10T09:07:40.039+0000] {processor.py:840} INFO - DAG(s) 'weather_pipeline_v2' retrieved from /opt/airflow/dags/weather_pipeline_v2.py
[2026-06-10T09:07:40.108+0000] {logging_mixin.py:188} INFO - [2026-06-10T09:07:40.107+0000] {dag.py:3096} INFO - Sync 1 DAGs
[2026-06-10T09:07:40.138+0000] {logging_mixin.py:188} INFO - [2026-06-10T09:07:40.138+0000] {dag.py:3954} INFO - Setting next_dagrun for weather_pipeline_v2 to None, run_after=None
[2026-06-10T09:07:40.184+0000] {processor.py:183} INFO - Processing /opt/airflow/dags/weather_pipeline_v2.py took 0.363 seconds
[2026-06-10T09:08:10.803+0000] {processor.py:161} INFO - Started process (PID=218) to work on /opt/airflow/dags/weather_pipeline_v2.py
[2026-06-10T09:08:10.805+0000] {processor.py:830} INFO - Processing file /opt/airflow/dags/weather_pipeline_v2.py for tasks to queue
[2026-06-10T09:08:10.809+0000] {logging_mixin.py:188} INFO - [2026-06-10T09:08:10.809+0000] {dagbag.py:545} INFO - Filling up the DagBag from /opt/airflow/dags/weather_pipeline_v2.py
[2026-06-10T09:08:11.001+0000] {processor.py:840} INFO - DAG(s) 'weather_pipeline_v2' retrieved from /opt/airflow/dags/weather_pipeline_v2.py
[2026-06-10T09:08:11.051+0000] {logging_mixin.py:188} INFO - [2026-06-10T09:08:11.050+0000] {dag.py:3096} INFO - Sync 1 DAGs
[2026-06-10T09:08:11.073+0000] {logging_mixin.py:188} INFO - [2026-06-10T09:08:11.072+0000] {dag.py:3954} INFO - Setting next_dagrun for weather_pipeline_v2 to None, run_after=None
[2026-06-10T09:08:11.112+0000] {processor.py:183} INFO - Processing /opt/airflow/dags/weather_pipeline_v2.py took 0.326 seconds
[2026-06-10T09:08:41.508+0000] {processor.py:161} INFO - Started process (PID=233) to work on /opt/airflow/dags/weather_pipeline_v2.py
[2026-06-10T09:08:41.510+0000] {processor.py:830} INFO - Processing file /opt/airflow/dags/weather_pipeline_v2.py for tasks to queue
[2026-06-10T09:08:41.514+0000] {logging_mixin.py:188} INFO - [2026-06-10T09:08:41.513+0000] {dagbag.py:545} INFO - Filling up the DagBag from /opt/airflow/dags/weather_pipeline_v2.py
[2026-06-10T09:08:41.728+0000] {processor.py:840} INFO - DAG(s) 'weather_pipeline_v2' retrieved from /opt/airflow/dags/weather_pipeline_v2.py
[2026-06-10T09:08:41.779+0000] {logging_mixin.py:188} INFO - [2026-06-10T09:08:41.779+0000] {dag.py:3096} INFO - Sync 1 DAGs
[2026-06-10T09:08:41.799+0000] {logging_mixin.py:188} INFO - [2026-06-10T09:08:41.799+0000] {dag.py:3954} INFO - Setting next_dagrun for weather_pipeline_v2 to None, run_after=None
[2026-06-10T09:08:41.840+0000] {processor.py:183} INFO - Processing /opt/airflow/dags/weather_pipeline_v2.py took 0.349 seconds
[2026-06-10T09:09:12.377+0000] {processor.py:161} INFO - Started process (PID=242) to work on /opt/airflow/dags/weather_pipeline_v2.py
[2026-06-10T09:09:12.381+0000] {processor.py:830} INFO - Processing file /opt/airflow/dags/weather_pipeline_v2.py for tasks to queue
[2026-06-10T09:09:12.389+0000] {logging_mixin.py:188} INFO - [2026-06-10T09:09:12.387+0000] {dagbag.py:545} INFO - Filling up the DagBag from /opt/airflow/dags/weather_pipeline_v2.py
[2026-06-10T09:09:12.627+0000] {processor.py:840} INFO - DAG(s) 'weather_pipeline_v2' retrieved from /opt/airflow/dags/weather_pipeline_v2.py
[2026-06-10T09:09:12.706+0000] {logging_mixin.py:188} INFO - [2026-06-10T09:09:12.706+0000] {dag.py:3096} INFO - Sync 1 DAGs
[2026-06-10T09:09:12.730+0000] {logging_mixin.py:188} INFO - [2026-06-10T09:09:12.730+0000] {dag.py:3954} INFO - Setting next_dagrun for weather_pipeline_v2 to None, run_after=None
[2026-06-10T09:09:12.772+0000] {processor.py:183} INFO - Processing /opt/airflow/dags/weather_pipeline_v2.py took 0.422 seconds
[2026-06-10T09:09:43.255+0000] {processor.py:161} INFO - Started process (PID=247) to work on /opt/airflow/dags/weather_pipeline_v2.py
[2026-06-10T09:09:43.258+0000] {processor.py:830} INFO - Processing file /opt/airflow/dags/weather_pipeline_v2.py for tasks to queue
[2026-06-10T09:09:43.263+0000] {logging_mixin.py:188} INFO - [2026-06-10T09:09:43.262+0000] {dagbag.py:545} INFO - Filling up the DagBag from /opt/airflow/dags/weather_pipeline_v2.py
[2026-06-10T09:09:43.486+0000] {processor.py:840} INFO - DAG(s) 'weather_pipeline_v2' retrieved from /opt/airflow/dags/weather_pipeline_v2.py
[2026-06-10T09:09:43.540+0000] {logging_mixin.py:188} INFO - [2026-06-10T09:09:43.540+0000] {dag.py:3096} INFO - Sync 1 DAGs
[2026-06-10T09:09:43.563+0000] {logging_mixin.py:188} INFO - [2026-06-10T09:09:43.563+0000] {dag.py:3954} INFO - Setting next_dagrun for weather_pipeline_v2 to None, run_after=None
[2026-06-10T09:09:43.600+0000] {processor.py:183} INFO - Processing /opt/airflow/dags/weather_pipeline_v2.py took 0.371 seconds
[2026-06-10T09:10:14.018+0000] {processor.py:161} INFO - Started process (PID=252) to work on /opt/airflow/dags/weather_pipeline_v2.py
[2026-06-10T09:10:14.021+0000] {processor.py:830} INFO - Processing file /opt/airflow/dags/weather_pipeline_v2.py for tasks to queue
[2026-06-10T09:10:14.025+0000] {logging_mixin.py:188} INFO - [2026-06-10T09:10:14.024+0000] {dagbag.py:545} INFO - Filling up the DagBag from /opt/airflow/dags/weather_pipeline_v2.py
[2026-06-10T09:10:14.258+0000] {processor.py:840} INFO - DAG(s) 'weather_pipeline_v2' retrieved from /opt/airflow/dags/weather_pipeline_v2.py
[2026-06-10T09:10:14.315+0000] {logging_mixin.py:188} INFO - [2026-06-10T09:10:14.315+0000] {dag.py:3096} INFO - Sync 1 DAGs
[2026-06-10T09:10:14.344+0000] {logging_mixin.py:188} INFO - [2026-06-10T09:10:14.343+0000] {dag.py:3954} INFO - Setting next_dagrun for weather_pipeline_v2 to None, run_after=None
[2026-06-10T09:10:14.389+0000] {processor.py:183} INFO - Processing /opt/airflow/dags/weather_pipeline_v2.py took 0.390 seconds
[2026-06-10T09:10:44.635+0000] {processor.py:161} INFO - Started process (PID=257) to work on /opt/airflow/dags/weather_pipeline_v2.py
[2026-06-10T09:10:44.638+0000] {processor.py:830} INFO - Processing file /opt/airflow/dags/weather_pipeline_v2.py for tasks to queue
[2026-06-10T09:10:44.642+0000] {logging_mixin.py:188} INFO - [2026-06-10T09:10:44.641+0000] {dagbag.py:545} INFO - Filling up the DagBag from /opt/airflow/dags/weather_pipeline_v2.py
[2026-06-10T09:10:44.812+0000] {processor.py:840} INFO - DAG(s) 'weather_pipeline_v2' retrieved from /opt/airflow/dags/weather_pipeline_v2.py
[2026-06-10T09:10:44.864+0000] {logging_mixin.py:188} INFO - [2026-06-10T09:10:44.864+0000] {dag.py:3096} INFO - Sync 1 DAGs
[2026-06-10T09:10:44.884+0000] {logging_mixin.py:188} INFO - [2026-06-10T09:10:44.883+0000] {dag.py:3954} INFO - Setting next_dagrun for weather_pipeline_v2 to None, run_after=None
[2026-06-10T09:10:44.927+0000] {processor.py:183} INFO - Processing /opt/airflow/dags/weather_pipeline_v2.py took 0.311 seconds
[2026-06-10T09:11:15.183+0000] {processor.py:161} INFO - Started process (PID=262) to work on /opt/airflow/dags/weather_pipeline_v2.py
[2026-06-10T09:11:15.186+0000] {processor.py:830} INFO - Processing file /opt/airflow/dags/weather_pipeline_v2.py for tasks to queue
[2026-06-10T09:11:15.192+0000] {logging_mixin.py:188} INFO - [2026-06-10T09:11:15.191+0000] {dagbag.py:545} INFO - Filling up the DagBag from /opt/airflow/dags/weather_pipeline_v2.py
[2026-06-10T09:11:15.398+0000] {processor.py:840} INFO - DAG(s) 'weather_pipeline_v2' retrieved from /opt/airflow/dags/weather_pipeline_v2.py
[2026-06-10T09:11:15.461+0000] {logging_mixin.py:188} INFO - [2026-06-10T09:11:15.461+0000] {dag.py:3096} INFO - Sync 1 DAGs
[2026-06-10T09:11:15.483+0000] {logging_mixin.py:188} INFO - [2026-06-10T09:11:15.482+0000] {dag.py:3954} INFO - Setting next_dagrun for weather_pipeline_v2 to None, run_after=None
[2026-06-10T09:11:15.521+0000] {processor.py:183} INFO - Processing /opt/airflow/dags/weather_pipeline_v2.py took 0.361 seconds
[2026-06-10T09:11:45.609+0000] {processor.py:161} INFO - Started process (PID=267) to work on /opt/airflow/dags/weather_pipeline_v2.py
[2026-06-10T09:11:45.611+0000] {processor.py:830} INFO - Processing file /opt/airflow/dags/weather_pipeline_v2.py for tasks to queue
[2026-06-10T09:11:45.614+0000] {logging_mixin.py:188} INFO - [2026-06-10T09:11:45.613+0000] {dagbag.py:545} INFO - Filling up the DagBag from /opt/airflow/dags/weather_pipeline_v2.py
[2026-06-10T09:11:45.737+0000] {processor.py:840} INFO - DAG(s) 'weather_pipeline_v2' retrieved from /opt/airflow/dags/weather_pipeline_v2.py
[2026-06-10T09:11:45.785+0000] {logging_mixin.py:188} INFO - [2026-06-10T09:11:45.785+0000] {dag.py:3096} INFO - Sync 1 DAGs
[2026-06-10T09:11:45.807+0000] {logging_mixin.py:188} INFO - [2026-06-10T09:11:45.806+0000] {dag.py:3954} INFO - Setting next_dagrun for weather_pipeline_v2 to None, run_after=None
[2026-06-10T09:11:45.841+0000] {processor.py:183} INFO - Processing /opt/airflow/dags/weather_pipeline_v2.py took 0.246 seconds
[2026-06-10T09:12:16.215+0000] {processor.py:161} INFO - Started process (PID=272) to work on /opt/airflow/dags/weather_pipeline_v2.py
[2026-06-10T09:12:16.217+0000] {processor.py:830} INFO - Processing file /opt/airflow/dags/weather_pipeline_v2.py for tasks to queue
[2026-06-10T09:12:16.220+0000] {logging_mixin.py:188} INFO - [2026-06-10T09:12:16.220+0000] {dagbag.py:545} INFO - Filling up the DagBag from /opt/airflow/dags/weather_pipeline_v2.py
[2026-06-10T09:12:16.405+0000] {processor.py:840} INFO - DAG(s) 'weather_pipeline_v2' retrieved from /opt/airflow/dags/weather_pipeline_v2.py
[2026-06-10T09:12:16.455+0000] {logging_mixin.py:188} INFO - [2026-06-10T09:12:16.455+0000] {dag.py:3096} INFO - Sync 1 DAGs
[2026-06-10T09:12:16.475+0000] {logging_mixin.py:188} INFO - [2026-06-10T09:12:16.475+0000] {dag.py:3954} INFO - Setting next_dagrun for weather_pipeline_v2 to None, run_after=None
[2026-06-10T09:12:16.507+0000] {processor.py:183} INFO - Processing /opt/airflow/dags/weather_pipeline_v2.py took 0.310 seconds
[2026-06-10T09:12:47.003+0000] {processor.py:161} INFO - Started process (PID=277) to work on /opt/airflow/dags/weather_pipeline_v2.py
[2026-06-10T09:12:47.006+0000] {processor.py:830} INFO - Processing file /opt/airflow/dags/weather_pipeline_v2.py for tasks to queue
[2026-06-10T09:12:47.012+0000] {logging_mixin.py:188} INFO - [2026-06-10T09:12:47.011+0000] {dagbag.py:545} INFO - Filling up the DagBag from /opt/airflow/dags/weather_pipeline_v2.py
[2026-06-10T09:12:47.167+0000] {processor.py:840} INFO - DAG(s) 'weather_pipeline_v2' retrieved from /opt/airflow/dags/weather_pipeline_v2.py
[2026-06-10T09:12:47.227+0000] {logging_mixin.py:188} INFO - [2026-06-10T09:12:47.226+0000] {dag.py:3096} INFO - Sync 1 DAGs
[2026-06-10T09:12:47.251+0000] {logging_mixin.py:188} INFO - [2026-06-10T09:12:47.250+0000] {dag.py:3954} INFO - Setting next_dagrun for weather_pipeline_v2 to None, run_after=None
[2026-06-10T09:12:47.286+0000] {processor.py:183} INFO - Processing /opt/airflow/dags/weather_pipeline_v2.py took 0.309 seconds
[2026-06-10T09:13:17.805+0000] {processor.py:161} INFO - Started process (PID=282) to work on /opt/airflow/dags/weather_pipeline_v2.py
[2026-06-10T09:13:17.807+0000] {processor.py:830} INFO - Processing file /opt/airflow/dags/weather_pipeline_v2.py for tasks to queue
[2026-06-10T09:13:17.811+0000] {logging_mixin.py:188} INFO - [2026-06-10T09:13:17.810+0000] {dagbag.py:545} INFO - Filling up the DagBag from /opt/airflow/dags/weather_pipeline_v2.py
[2026-06-10T09:13:17.915+0000] {processor.py:840} INFO - DAG(s) 'weather_pipeline_v2' retrieved from /opt/airflow/dags/weather_pipeline_v2.py
[2026-06-10T09:13:17.970+0000] {logging_mixin.py:188} INFO - [2026-06-10T09:13:17.969+0000] {dag.py:3096} INFO - Sync 1 DAGs
[2026-06-10T09:13:17.993+0000] {logging_mixin.py:188} INFO - [2026-06-10T09:13:17.992+0000] {dag.py:3954} INFO - Setting next_dagrun for weather_pipeline_v2 to None, run_after=None
[2026-06-10T09:13:18.033+0000] {processor.py:183} INFO - Processing /opt/airflow/dags/weather_pipeline_v2.py took 0.248 seconds
[2026-06-10T09:13:48.112+0000] {processor.py:161} INFO - Started process (PID=287) to work on /opt/airflow/dags/weather_pipeline_v2.py
[2026-06-10T09:13:48.114+0000] {processor.py:830} INFO - Processing file /opt/airflow/dags/weather_pipeline_v2.py for tasks to queue
[2026-06-10T09:13:48.118+0000] {logging_mixin.py:188} INFO - [2026-06-10T09:13:48.117+0000] {dagbag.py:545} INFO - Filling up the DagBag from /opt/airflow/dags/weather_pipeline_v2.py
[2026-06-10T09:13:48.239+0000] {processor.py:840} INFO - DAG(s) 'weather_pipeline_v2' retrieved from /opt/airflow/dags/weather_pipeline_v2.py
[2026-06-10T09:13:48.302+0000] {logging_mixin.py:188} INFO - [2026-06-10T09:13:48.302+0000] {dag.py:3096} INFO - Sync 1 DAGs
[2026-06-10T09:13:48.320+0000] {logging_mixin.py:188} INFO - [2026-06-10T09:13:48.320+0000] {dag.py:3954} INFO - Setting next_dagrun for weather_pipeline_v2 to None, run_after=None
[2026-06-10T09:13:48.359+0000] {processor.py:183} INFO - Processing /opt/airflow/dags/weather_pipeline_v2.py took 0.264 seconds
[2026-06-10T09:14:18.795+0000] {processor.py:161} INFO - Started process (PID=304) to work on /opt/airflow/dags/weather_pipeline_v2.py
[2026-06-10T09:14:18.799+0000] {processor.py:830} INFO - Processing file /opt/airflow/dags/weather_pipeline_v2.py for tasks to queue
[2026-06-10T09:14:18.804+0000] {logging_mixin.py:188} INFO - [2026-06-10T09:14:18.803+0000] {dagbag.py:545} INFO - Filling up the DagBag from /opt/airflow/dags/weather_pipeline_v2.py
[2026-06-10T09:14:19.048+0000] {processor.py:840} INFO - DAG(s) 'weather_pipeline_v2' retrieved from /opt/airflow/dags/weather_pipeline_v2.py
[2026-06-10T09:14:19.103+0000] {logging_mixin.py:188} INFO - [2026-06-10T09:14:19.102+0000] {dag.py:3096} INFO - Sync 1 DAGs
[2026-06-10T09:14:19.125+0000] {logging_mixin.py:188} INFO - [2026-06-10T09:14:19.125+0000] {dag.py:3954} INFO - Setting next_dagrun for weather_pipeline_v2 to None, run_after=None
[2026-06-10T09:14:19.177+0000] {processor.py:183} INFO - Processing /opt/airflow/dags/weather_pipeline_v2.py took 0.405 seconds
[2026-06-10T09:14:49.683+0000] {processor.py:161} INFO - Started process (PID=309) to work on /opt/airflow/dags/weather_pipeline_v2.py
[2026-06-10T09:14:49.685+0000] {processor.py:830} INFO - Processing file /opt/airflow/dags/weather_pipeline_v2.py for tasks to queue
[2026-06-10T09:14:49.688+0000] {logging_mixin.py:188} INFO - [2026-06-10T09:14:49.688+0000] {dagbag.py:545} INFO - Filling up the DagBag from /opt/airflow/dags/weather_pipeline_v2.py
[2026-06-10T09:14:49.916+0000] {processor.py:840} INFO - DAG(s) 'weather_pipeline_v2' retrieved from /opt/airflow/dags/weather_pipeline_v2.py
[2026-06-10T09:14:49.972+0000] {logging_mixin.py:188} INFO - [2026-06-10T09:14:49.972+0000] {dag.py:3096} INFO - Sync 1 DAGs
[2026-06-10T09:14:49.993+0000] {logging_mixin.py:188} INFO - [2026-06-10T09:14:49.992+0000] {dag.py:3954} INFO - Setting next_dagrun for weather_pipeline_v2 to None, run_after=None
[2026-06-10T09:14:50.035+0000] {processor.py:183} INFO - Processing /opt/airflow/dags/weather_pipeline_v2.py took 0.374 seconds
[2026-06-10T09:15:20.497+0000] {processor.py:161} INFO - Started process (PID=314) to work on /opt/airflow/dags/weather_pipeline_v2.py
[2026-06-10T09:15:20.500+0000] {processor.py:830} INFO - Processing file /opt/airflow/dags/weather_pipeline_v2.py for tasks to queue
[2026-06-10T09:15:20.505+0000] {logging_mixin.py:188} INFO - [2026-06-10T09:15:20.504+0000] {dagbag.py:545} INFO - Filling up the DagBag from /opt/airflow/dags/weather_pipeline_v2.py
[2026-06-10T09:15:20.750+0000] {processor.py:840} INFO - DAG(s) 'weather_pipeline_v2' retrieved from /opt/airflow/dags/weather_pipeline_v2.py
[2026-06-10T09:15:20.812+0000] {logging_mixin.py:188} INFO - [2026-06-10T09:15:20.811+0000] {dag.py:3096} INFO - Sync 1 DAGs
[2026-06-10T09:15:20.839+0000] {logging_mixin.py:188} INFO - [2026-06-10T09:15:20.838+0000] {dag.py:3954} INFO - Setting next_dagrun for weather_pipeline_v2 to None, run_after=None
[2026-06-10T09:15:20.878+0000] {processor.py:183} INFO - Processing /opt/airflow/dags/weather_pipeline_v2.py took 0.402 seconds
[2026-06-10T09:15:51.873+0000] {processor.py:161} INFO - Started process (PID=319) to work on /opt/airflow/dags/weather_pipeline_v2.py
[2026-06-10T09:15:51.875+0000] {processor.py:830} INFO - Processing file /opt/airflow/dags/weather_pipeline_v2.py for tasks to queue
[2026-06-10T09:15:51.879+0000] {logging_mixin.py:188} INFO - [2026-06-10T09:15:51.878+0000] {dagbag.py:545} INFO - Filling up the DagBag from /opt/airflow/dags/weather_pipeline_v2.py
[2026-06-10T09:15:52.033+0000] {processor.py:840} INFO - DAG(s) 'weather_pipeline_v2' retrieved from /opt/airflow/dags/weather_pipeline_v2.py
[2026-06-10T09:15:52.096+0000] {logging_mixin.py:188} INFO - [2026-06-10T09:15:52.096+0000] {dag.py:3096} INFO - Sync 1 DAGs
[2026-06-10T09:15:52.122+0000] {logging_mixin.py:188} INFO - [2026-06-10T09:15:52.122+0000] {dag.py:3954} INFO - Setting next_dagrun for weather_pipeline_v2 to None, run_after=None
[2026-06-10T09:15:52.165+0000] {processor.py:183} INFO - Processing /opt/airflow/dags/weather_pipeline_v2.py took 0.311 seconds
[2026-06-10T09:16:22.407+0000] {processor.py:161} INFO - Started process (PID=324) to work on /opt/airflow/dags/weather_pipeline_v2.py
[2026-06-10T09:16:22.410+0000] {processor.py:830} INFO - Processing file /opt/airflow/dags/weather_pipeline_v2.py for tasks to queue
[2026-06-10T09:16:22.414+0000] {logging_mixin.py:188} INFO - [2026-06-10T09:16:22.413+0000] {dagbag.py:545} INFO - Filling up the DagBag from /opt/airflow/dags/weather_pipeline_v2.py
[2026-06-10T09:16:22.621+0000] {processor.py:840} INFO - DAG(s) 'weather_pipeline_v2' retrieved from /opt/airflow/dags/weather_pipeline_v2.py
[2026-06-10T09:16:22.677+0000] {logging_mixin.py:188} INFO - [2026-06-10T09:16:22.676+0000] {dag.py:3096} INFO - Sync 1 DAGs
[2026-06-10T09:16:22.702+0000] {logging_mixin.py:188} INFO - [2026-06-10T09:16:22.701+0000] {dag.py:3954} INFO - Setting next_dagrun for weather_pipeline_v2 to None, run_after=None
[2026-06-10T09:16:22.740+0000] {processor.py:183} INFO - Processing /opt/airflow/dags/weather_pipeline_v2.py took 0.353 seconds
[2026-06-10T09:16:52.966+0000] {processor.py:161} INFO - Started process (PID=329) to work on /opt/airflow/dags/weather_pipeline_v2.py
[2026-06-10T09:16:52.969+0000] {processor.py:830} INFO - Processing file /opt/airflow/dags/weather_pipeline_v2.py for tasks to queue
[2026-06-10T09:16:52.974+0000] {logging_mixin.py:188} INFO - [2026-06-10T09:16:52.973+0000] {dagbag.py:545} INFO - Filling up the DagBag from /opt/airflow/dags/weather_pipeline_v2.py
[2026-06-10T09:16:53.219+0000] {processor.py:840} INFO - DAG(s) 'weather_pipeline_v2' retrieved from /opt/airflow/dags/weather_pipeline_v2.py
[2026-06-10T09:16:53.269+0000] {logging_mixin.py:188} INFO - [2026-06-10T09:16:53.268+0000] {dag.py:3096} INFO - Sync 1 DAGs
[2026-06-10T09:16:53.290+0000] {logging_mixin.py:188} INFO - [2026-06-10T09:16:53.290+0000] {dag.py:3954} INFO - Setting next_dagrun for weather_pipeline_v2 to None, run_after=None
[2026-06-10T09:16:53.329+0000] {processor.py:183} INFO - Processing /opt/airflow/dags/weather_pipeline_v2.py took 0.386 seconds
[2026-06-10T09:17:23.686+0000] {processor.py:161} INFO - Started process (PID=362) to work on /opt/airflow/dags/weather_pipeline_v2.py
[2026-06-10T09:17:23.688+0000] {processor.py:830} INFO - Processing file /opt/airflow/dags/weather_pipeline_v2.py for tasks to queue
[2026-06-10T09:17:23.692+0000] {logging_mixin.py:188} INFO - [2026-06-10T09:17:23.691+0000] {dagbag.py:545} INFO - Filling up the DagBag from /opt/airflow/dags/weather_pipeline_v2.py
[2026-06-10T09:17:23.892+0000] {processor.py:840} INFO - DAG(s) 'weather_pipeline_v2' retrieved from /opt/airflow/dags/weather_pipeline_v2.py
[2026-06-10T09:17:23.965+0000] {logging_mixin.py:188} INFO - [2026-06-10T09:17:23.964+0000] {dag.py:3096} INFO - Sync 1 DAGs
[2026-06-10T09:17:23.996+0000] {logging_mixin.py:188} INFO - [2026-06-10T09:17:23.995+0000] {dag.py:3954} INFO - Setting next_dagrun for weather_pipeline_v2 to None, run_after=None
[2026-06-10T09:17:24.045+0000] {processor.py:183} INFO - Processing /opt/airflow/dags/weather_pipeline_v2.py took 0.375 seconds
[2026-06-10T09:17:54.529+0000] {processor.py:161} INFO - Started process (PID=367) to work on /opt/airflow/dags/weather_pipeline_v2.py
[2026-06-10T09:17:54.532+0000] {processor.py:830} INFO - Processing file /opt/airflow/dags/weather_pipeline_v2.py for tasks to queue
[2026-06-10T09:17:54.535+0000] {logging_mixin.py:188} INFO - [2026-06-10T09:17:54.534+0000] {dagbag.py:545} INFO - Filling up the DagBag from /opt/airflow/dags/weather_pipeline_v2.py
[2026-06-10T09:17:54.742+0000] {processor.py:840} INFO - DAG(s) 'weather_pipeline_v2' retrieved from /opt/airflow/dags/weather_pipeline_v2.py
[2026-06-10T09:17:54.801+0000] {logging_mixin.py:188} INFO - [2026-06-10T09:17:54.801+0000] {dag.py:3096} INFO - Sync 1 DAGs
[2026-06-10T09:17:54.827+0000] {logging_mixin.py:188} INFO - [2026-06-10T09:17:54.827+0000] {dag.py:3954} INFO - Setting next_dagrun for weather_pipeline_v2 to None, run_after=None
[2026-06-10T09:17:54.865+0000] {processor.py:183} INFO - Processing /opt/airflow/dags/weather_pipeline_v2.py took 0.350 seconds
[2026-06-10T09:18:25.413+0000] {processor.py:161} INFO - Started process (PID=372) to work on /opt/airflow/dags/weather_pipeline_v2.py
[2026-06-10T09:18:25.415+0000] {processor.py:830} INFO - Processing file /opt/airflow/dags/weather_pipeline_v2.py for tasks to queue
[2026-06-10T09:18:25.418+0000] {logging_mixin.py:188} INFO - [2026-06-10T09:18:25.417+0000] {dagbag.py:545} INFO - Filling up the DagBag from /opt/airflow/dags/weather_pipeline_v2.py
[2026-06-10T09:18:25.576+0000] {processor.py:840} INFO - DAG(s) 'weather_pipeline_v2' retrieved from /opt/airflow/dags/weather_pipeline_v2.py
[2026-06-10T09:18:25.636+0000] {logging_mixin.py:188} INFO - [2026-06-10T09:18:25.635+0000] {dag.py:3096} INFO - Sync 1 DAGs
[2026-06-10T09:18:25.659+0000] {logging_mixin.py:188} INFO - [2026-06-10T09:18:25.659+0000] {dag.py:3954} INFO - Setting next_dagrun for weather_pipeline_v2 to None, run_after=None
[2026-06-10T09:18:25.701+0000] {processor.py:183} INFO - Processing /opt/airflow/dags/weather_pipeline_v2.py took 0.309 seconds
[2026-06-10T09:18:56.097+0000] {processor.py:161} INFO - Started process (PID=377) to work on /opt/airflow/dags/weather_pipeline_v2.py
[2026-06-10T09:18:56.099+0000] {processor.py:830} INFO - Processing file /opt/airflow/dags/weather_pipeline_v2.py for tasks to queue
[2026-06-10T09:18:56.103+0000] {logging_mixin.py:188} INFO - [2026-06-10T09:18:56.102+0000] {dagbag.py:545} INFO - Filling up the DagBag from /opt/airflow/dags/weather_pipeline_v2.py
[2026-06-10T09:18:56.319+0000] {processor.py:840} INFO - DAG(s) 'weather_pipeline_v2' retrieved from /opt/airflow/dags/weather_pipeline_v2.py
[2026-06-10T09:18:56.366+0000] {logging_mixin.py:188} INFO - [2026-06-10T09:18:56.366+0000] {dag.py:3096} INFO - Sync 1 DAGs
[2026-06-10T09:18:56.386+0000] {logging_mixin.py:188} INFO - [2026-06-10T09:18:56.385+0000] {dag.py:3954} INFO - Setting next_dagrun for weather_pipeline_v2 to None, run_after=None
[2026-06-10T09:18:56.419+0000] {processor.py:183} INFO - Processing /opt/airflow/dags/weather_pipeline_v2.py took 0.337 seconds
[2026-06-10T09:19:26.832+0000] {processor.py:161} INFO - Started process (PID=382) to work on /opt/airflow/dags/weather_pipeline_v2.py
[2026-06-10T09:19:26.834+0000] {processor.py:830} INFO - Processing file /opt/airflow/dags/weather_pipeline_v2.py for tasks to queue
[2026-06-10T09:19:26.838+0000] {logging_mixin.py:188} INFO - [2026-06-10T09:19:26.837+0000] {dagbag.py:545} INFO - Filling up the DagBag from /opt/airflow/dags/weather_pipeline_v2.py
[2026-06-10T09:19:26.968+0000] {processor.py:840} INFO - DAG(s) 'weather_pipeline_v2' retrieved from /opt/airflow/dags/weather_pipeline_v2.py
[2026-06-10T09:19:27.040+0000] {logging_mixin.py:188} INFO - [2026-06-10T09:19:27.039+0000] {dag.py:3096} INFO - Sync 1 DAGs
[2026-06-10T09:19:27.066+0000] {logging_mixin.py:188} INFO - [2026-06-10T09:19:27.066+0000] {dag.py:3954} INFO - Setting next_dagrun for weather_pipeline_v2 to None, run_after=None
[2026-06-10T09:19:27.098+0000] {processor.py:183} INFO - Processing /opt/airflow/dags/weather_pipeline_v2.py took 0.280 seconds
[2026-06-10T09:19:57.433+0000] {processor.py:161} INFO - Started process (PID=387) to work on /opt/airflow/dags/weather_pipeline_v2.py
[2026-06-10T09:19:57.435+0000] {processor.py:830} INFO - Processing file /opt/airflow/dags/weather_pipeline_v2.py for tasks to queue
[2026-06-10T09:19:57.438+0000] {logging_mixin.py:188} INFO - [2026-06-10T09:19:57.438+0000] {dagbag.py:545} INFO - Filling up the DagBag from /opt/airflow/dags/weather_pipeline_v2.py
[2026-06-10T09:19:57.588+0000] {processor.py:840} INFO - DAG(s) 'weather_pipeline_v2' retrieved from /opt/airflow/dags/weather_pipeline_v2.py
[2026-06-10T09:19:57.635+0000] {logging_mixin.py:188} INFO - [2026-06-10T09:19:57.634+0000] {dag.py:3096} INFO - Sync 1 DAGs
[2026-06-10T09:19:57.656+0000] {logging_mixin.py:188} INFO - [2026-06-10T09:19:57.655+0000] {dag.py:3954} INFO - Setting next_dagrun for weather_pipeline_v2 to None, run_after=None
[2026-06-10T09:19:57.686+0000] {processor.py:183} INFO - Processing /opt/airflow/dags/weather_pipeline_v2.py took 0.268 seconds
[2026-06-10T09:20:27.897+0000] {processor.py:161} INFO - Started process (PID=392) to work on /opt/airflow/dags/weather_pipeline_v2.py
[2026-06-10T09:20:27.899+0000] {processor.py:830} INFO - Processing file /opt/airflow/dags/weather_pipeline_v2.py for tasks to queue
[2026-06-10T09:20:27.902+0000] {logging_mixin.py:188} INFO - [2026-06-10T09:20:27.901+0000] {dagbag.py:545} INFO - Filling up the DagBag from /opt/airflow/dags/weather_pipeline_v2.py
[2026-06-10T09:20:27.986+0000] {processor.py:840} INFO - DAG(s) 'weather_pipeline_v2' retrieved from /opt/airflow/dags/weather_pipeline_v2.py
[2026-06-10T09:20:28.032+0000] {logging_mixin.py:188} INFO - [2026-06-10T09:20:28.032+0000] {dag.py:3096} INFO - Sync 1 DAGs
[2026-06-10T09:20:28.052+0000] {logging_mixin.py:188} INFO - [2026-06-10T09:20:28.051+0000] {dag.py:3954} INFO - Setting next_dagrun for weather_pipeline_v2 to None, run_after=None
[2026-06-10T09:20:28.083+0000] {processor.py:183} INFO - Processing /opt/airflow/dags/weather_pipeline_v2.py took 0.200 seconds
[2026-06-10T09:20:58.828+0000] {processor.py:161} INFO - Started process (PID=397) to work on /opt/airflow/dags/weather_pipeline_v2.py
[2026-06-10T09:20:58.831+0000] {processor.py:830} INFO - Processing file /opt/airflow/dags/weather_pipeline_v2.py for tasks to queue
[2026-06-10T09:20:58.834+0000] {logging_mixin.py:188} INFO - [2026-06-10T09:20:58.833+0000] {dagbag.py:545} INFO - Filling up the DagBag from /opt/airflow/dags/weather_pipeline_v2.py
[2026-06-10T09:20:58.954+0000] {processor.py:840} INFO - DAG(s) 'weather_pipeline_v2' retrieved from /opt/airflow/dags/weather_pipeline_v2.py
[2026-06-10T09:20:58.999+0000] {logging_mixin.py:188} INFO - [2026-06-10T09:20:58.999+0000] {dag.py:3096} INFO - Sync 1 DAGs
[2026-06-10T09:20:59.019+0000] {logging_mixin.py:188} INFO - [2026-06-10T09:20:59.019+0000] {dag.py:3954} INFO - Setting next_dagrun for weather_pipeline_v2 to None, run_after=None
[2026-06-10T09:20:59.054+0000] {processor.py:183} INFO - Processing /opt/airflow/dags/weather_pipeline_v2.py took 0.240 seconds
[2026-06-10T09:21:29.167+0000] {processor.py:161} INFO - Started process (PID=402) to work on /opt/airflow/dags/weather_pipeline_v2.py
[2026-06-10T09:21:29.169+0000] {processor.py:830} INFO - Processing file /opt/airflow/dags/weather_pipeline_v2.py for tasks to queue
[2026-06-10T09:21:29.173+0000] {logging_mixin.py:188} INFO - [2026-06-10T09:21:29.172+0000] {dagbag.py:545} INFO - Filling up the DagBag from /opt/airflow/dags/weather_pipeline_v2.py
[2026-06-10T09:21:29.302+0000] {processor.py:840} INFO - DAG(s) 'weather_pipeline_v2' retrieved from /opt/airflow/dags/weather_pipeline_v2.py
[2026-06-10T09:21:29.353+0000] {logging_mixin.py:188} INFO - [2026-06-10T09:21:29.353+0000] {dag.py:3096} INFO - Sync 1 DAGs
[2026-06-10T09:21:29.373+0000] {logging_mixin.py:188} INFO - [2026-06-10T09:21:29.372+0000] {dag.py:3954} INFO - Setting next_dagrun for weather_pipeline_v2 to None, run_after=None
[2026-06-10T09:21:29.407+0000] {processor.py:183} INFO - Processing /opt/airflow/dags/weather_pipeline_v2.py took 0.254 seconds
[2026-06-10T09:21:59.657+0000] {processor.py:161} INFO - Started process (PID=407) to work on /opt/airflow/dags/weather_pipeline_v2.py
[2026-06-10T09:21:59.659+0000] {processor.py:830} INFO - Processing file /opt/airflow/dags/weather_pipeline_v2.py for tasks to queue
[2026-06-10T09:21:59.663+0000] {logging_mixin.py:188} INFO - [2026-06-10T09:21:59.662+0000] {dagbag.py:545} INFO - Filling up the DagBag from /opt/airflow/dags/weather_pipeline_v2.py
[2026-06-10T09:21:59.839+0000] {processor.py:840} INFO - DAG(s) 'weather_pipeline_v2' retrieved from /opt/airflow/dags/weather_pipeline_v2.py
[2026-06-10T09:21:59.903+0000] {logging_mixin.py:188} INFO - [2026-06-10T09:21:59.903+0000] {dag.py:3096} INFO - Sync 1 DAGs
[2026-06-10T09:21:59.930+0000] {logging_mixin.py:188} INFO - [2026-06-10T09:21:59.930+0000] {dag.py:3954} INFO - Setting next_dagrun for weather_pipeline_v2 to None, run_after=None
[2026-06-10T09:21:59.978+0000] {processor.py:183} INFO - Processing /opt/airflow/dags/weather_pipeline_v2.py took 0.335 seconds
[2026-06-10T09:22:30.478+0000] {processor.py:161} INFO - Started process (PID=412) to work on /opt/airflow/dags/weather_pipeline_v2.py
[2026-06-10T09:22:30.480+0000] {processor.py:830} INFO - Processing file /opt/airflow/dags/weather_pipeline_v2.py for tasks to queue
[2026-06-10T09:22:30.484+0000] {logging_mixin.py:188} INFO - [2026-06-10T09:22:30.483+0000] {dagbag.py:545} INFO - Filling up the DagBag from /opt/airflow/dags/weather_pipeline_v2.py
[2026-06-10T09:22:30.693+0000] {processor.py:840} INFO - DAG(s) 'weather_pipeline_v2' retrieved from /opt/airflow/dags/weather_pipeline_v2.py
[2026-06-10T09:22:30.744+0000] {logging_mixin.py:188} INFO - [2026-06-10T09:22:30.744+0000] {dag.py:3096} INFO - Sync 1 DAGs
[2026-06-10T09:22:30.765+0000] {logging_mixin.py:188} INFO - [2026-06-10T09:22:30.765+0000] {dag.py:3954} INFO - Setting next_dagrun for weather_pipeline_v2 to None, run_after=None
[2026-06-10T09:22:30.799+0000] {processor.py:183} INFO - Processing /opt/airflow/dags/weather_pipeline_v2.py took 0.336 seconds
[2026-06-10T09:23:01.347+0000] {processor.py:161} INFO - Started process (PID=417) to work on /opt/airflow/dags/weather_pipeline_v2.py
[2026-06-10T09:23:01.349+0000] {processor.py:830} INFO - Processing file /opt/airflow/dags/weather_pipeline_v2.py for tasks to queue
[2026-06-10T09:23:01.352+0000] {logging_mixin.py:188} INFO - [2026-06-10T09:23:01.352+0000] {dagbag.py:545} INFO - Filling up the DagBag from /opt/airflow/dags/weather_pipeline_v2.py
[2026-06-10T09:23:01.542+0000] {processor.py:840} INFO - DAG(s) 'weather_pipeline_v2' retrieved from /opt/airflow/dags/weather_pipeline_v2.py
[2026-06-10T09:23:01.613+0000] {logging_mixin.py:188} INFO - [2026-06-10T09:23:01.613+0000] {dag.py:3096} INFO - Sync 1 DAGs
[2026-06-10T09:23:01.637+0000] {logging_mixin.py:188} INFO - [2026-06-10T09:23:01.637+0000] {dag.py:3954} INFO - Setting next_dagrun for weather_pipeline_v2 to None, run_after=None
[2026-06-10T09:23:01.680+0000] {processor.py:183} INFO - Processing /opt/airflow/dags/weather_pipeline_v2.py took 0.350 seconds
[2026-06-10T09:23:32.122+0000] {processor.py:161} INFO - Started process (PID=422) to work on /opt/airflow/dags/weather_pipeline_v2.py
[2026-06-10T09:23:32.124+0000] {processor.py:830} INFO - Processing file /opt/airflow/dags/weather_pipeline_v2.py for tasks to queue
[2026-06-10T09:23:32.130+0000] {logging_mixin.py:188} INFO - [2026-06-10T09:23:32.129+0000] {dagbag.py:545} INFO - Filling up the DagBag from /opt/airflow/dags/weather_pipeline_v2.py
[2026-06-10T09:23:32.314+0000] {processor.py:840} INFO - DAG(s) 'weather_pipeline_v2' retrieved from /opt/airflow/dags/weather_pipeline_v2.py
[2026-06-10T09:23:32.370+0000] {logging_mixin.py:188} INFO - [2026-06-10T09:23:32.369+0000] {dag.py:3096} INFO - Sync 1 DAGs
[2026-06-10T09:23:32.394+0000] {logging_mixin.py:188} INFO - [2026-06-10T09:23:32.393+0000] {dag.py:3954} INFO - Setting next_dagrun for weather_pipeline_v2 to None, run_after=None
[2026-06-10T09:23:32.431+0000] {processor.py:183} INFO - Processing /opt/airflow/dags/weather_pipeline_v2.py took 0.330 seconds
[2026-06-10T09:24:03.047+0000] {processor.py:161} INFO - Started process (PID=427) to work on /opt/airflow/dags/weather_pipeline_v2.py
[2026-06-10T09:24:03.056+0000] {processor.py:830} INFO - Processing file /opt/airflow/dags/weather_pipeline_v2.py for tasks to queue
[2026-06-10T09:24:03.060+0000] {logging_mixin.py:188} INFO - [2026-06-10T09:24:03.059+0000] {dagbag.py:545} INFO - Filling up the DagBag from /opt/airflow/dags/weather_pipeline_v2.py
[2026-06-10T09:24:03.291+0000] {processor.py:840} INFO - DAG(s) 'weather_pipeline_v2' retrieved from /opt/airflow/dags/weather_pipeline_v2.py
[2026-06-10T09:24:03.348+0000] {logging_mixin.py:188} INFO - [2026-06-10T09:24:03.348+0000] {dag.py:3096} INFO - Sync 1 DAGs
[2026-06-10T09:24:03.375+0000] {logging_mixin.py:188} INFO - [2026-06-10T09:24:03.375+0000] {dag.py:3954} INFO - Setting next_dagrun for weather_pipeline_v2 to None, run_after=None
[2026-06-10T09:24:03.414+0000] {processor.py:183} INFO - Processing /opt/airflow/dags/weather_pipeline_v2.py took 0.402 seconds
[2026-06-10T09:24:33.950+0000] {processor.py:161} INFO - Started process (PID=432) to work on /opt/airflow/dags/weather_pipeline_v2.py
[2026-06-10T09:24:33.954+0000] {processor.py:830} INFO - Processing file /opt/airflow/dags/weather_pipeline_v2.py for tasks to queue
[2026-06-10T09:24:33.961+0000] {logging_mixin.py:188} INFO - [2026-06-10T09:24:33.960+0000] {dagbag.py:545} INFO - Filling up the DagBag from /opt/airflow/dags/weather_pipeline_v2.py
[2026-06-10T09:24:34.278+0000] {processor.py:840} INFO - DAG(s) 'weather_pipeline_v2' retrieved from /opt/airflow/dags/weather_pipeline_v2.py
[2026-06-10T09:24:34.337+0000] {logging_mixin.py:188} INFO - [2026-06-10T09:24:34.337+0000] {dag.py:3096} INFO - Sync 1 DAGs
[2026-06-10T09:24:34.369+0000] {logging_mixin.py:188} INFO - [2026-06-10T09:24:34.368+0000] {dag.py:3954} INFO - Setting next_dagrun for weather_pipeline_v2 to None, run_after=None
[2026-06-10T09:24:34.430+0000] {processor.py:183} INFO - Processing /opt/airflow/dags/weather_pipeline_v2.py took 0.505 seconds
[2026-06-10T09:25:04.911+0000] {processor.py:161} INFO - Started process (PID=437) to work on /opt/airflow/dags/weather_pipeline_v2.py
[2026-06-10T09:25:04.914+0000] {processor.py:830} INFO - Processing file /opt/airflow/dags/weather_pipeline_v2.py for tasks to queue
[2026-06-10T09:25:04.919+0000] {logging_mixin.py:188} INFO - [2026-06-10T09:25:04.918+0000] {dagbag.py:545} INFO - Filling up the DagBag from /opt/airflow/dags/weather_pipeline_v2.py
[2026-06-10T09:25:05.132+0000] {processor.py:840} INFO - DAG(s) 'weather_pipeline_v2' retrieved from /opt/airflow/dags/weather_pipeline_v2.py
[2026-06-10T09:25:05.187+0000] {logging_mixin.py:188} INFO - [2026-06-10T09:25:05.186+0000] {dag.py:3096} INFO - Sync 1 DAGs
[2026-06-10T09:25:05.212+0000] {logging_mixin.py:188} INFO - [2026-06-10T09:25:05.212+0000] {dag.py:3954} INFO - Setting next_dagrun for weather_pipeline_v2 to None, run_after=None
[2026-06-10T09:25:05.248+0000] {processor.py:183} INFO - Processing /opt/airflow/dags/weather_pipeline_v2.py took 0.365 seconds
[2026-06-10T09:25:35.511+0000] {processor.py:161} INFO - Started process (PID=442) to work on /opt/airflow/dags/weather_pipeline_v2.py
[2026-06-10T09:25:35.513+0000] {processor.py:830} INFO - Processing file /opt/airflow/dags/weather_pipeline_v2.py for tasks to queue
[2026-06-10T09:25:35.517+0000] {logging_mixin.py:188} INFO - [2026-06-10T09:25:35.517+0000] {dagbag.py:545} INFO - Filling up the DagBag from /opt/airflow/dags/weather_pipeline_v2.py
[2026-06-10T09:25:35.683+0000] {processor.py:840} INFO - DAG(s) 'weather_pipeline_v2' retrieved from /opt/airflow/dags/weather_pipeline_v2.py
[2026-06-10T09:25:35.738+0000] {logging_mixin.py:188} INFO - [2026-06-10T09:25:35.737+0000] {dag.py:3096} INFO - Sync 1 DAGs
[2026-06-10T09:25:35.760+0000] {logging_mixin.py:188} INFO - [2026-06-10T09:25:35.759+0000] {dag.py:3954} INFO - Setting next_dagrun for weather_pipeline_v2 to None, run_after=None
[2026-06-10T09:25:35.798+0000] {processor.py:183} INFO - Processing /opt/airflow/dags/weather_pipeline_v2.py took 0.304 seconds
[2026-06-10T09:26:06.783+0000] {processor.py:161} INFO - Started process (PID=447) to work on /opt/airflow/dags/weather_pipeline_v2.py
[2026-06-10T09:26:06.785+0000] {processor.py:830} INFO - Processing file /opt/airflow/dags/weather_pipeline_v2.py for tasks to queue
[2026-06-10T09:26:06.788+0000] {logging_mixin.py:188} INFO - [2026-06-10T09:26:06.788+0000] {dagbag.py:545} INFO - Filling up the DagBag from /opt/airflow/dags/weather_pipeline_v2.py
[2026-06-10T09:26:06.999+0000] {processor.py:840} INFO - DAG(s) 'weather_pipeline_v2' retrieved from /opt/airflow/dags/weather_pipeline_v2.py
[2026-06-10T09:26:07.068+0000] {logging_mixin.py:188} INFO - [2026-06-10T09:26:07.068+0000] {dag.py:3096} INFO - Sync 1 DAGs
[2026-06-10T09:26:07.094+0000] {logging_mixin.py:188} INFO - [2026-06-10T09:26:07.093+0000] {dag.py:3954} INFO - Setting next_dagrun for weather_pipeline_v2 to None, run_after=None
[2026-06-10T09:26:07.142+0000] {processor.py:183} INFO - Processing /opt/airflow/dags/weather_pipeline_v2.py took 0.375 seconds
[2026-06-10T09:26:37.540+0000] {processor.py:161} INFO - Started process (PID=452) to work on /opt/airflow/dags/weather_pipeline_v2.py
[2026-06-10T09:26:37.542+0000] {processor.py:830} INFO - Processing file /opt/airflow/dags/weather_pipeline_v2.py for tasks to queue
[2026-06-10T09:26:37.545+0000] {logging_mixin.py:188} INFO - [2026-06-10T09:26:37.545+0000] {dagbag.py:545} INFO - Filling up the DagBag from /opt/airflow/dags/weather_pipeline_v2.py
[2026-06-10T09:26:37.647+0000] {processor.py:840} INFO - DAG(s) 'weather_pipeline_v2' retrieved from /opt/airflow/dags/weather_pipeline_v2.py
[2026-06-10T09:26:37.693+0000] {logging_mixin.py:188} INFO - [2026-06-10T09:26:37.693+0000] {dag.py:3096} INFO - Sync 1 DAGs
[2026-06-10T09:26:37.713+0000] {logging_mixin.py:188} INFO - [2026-06-10T09:26:37.713+0000] {dag.py:3954} INFO - Setting next_dagrun for weather_pipeline_v2 to None, run_after=None
[2026-06-10T09:26:37.747+0000] {processor.py:183} INFO - Processing /opt/airflow/dags/weather_pipeline_v2.py took 0.223 seconds
[2026-06-10T09:27:07.903+0000] {processor.py:161} INFO - Started process (PID=457) to work on /opt/airflow/dags/weather_pipeline_v2.py
[2026-06-10T09:27:07.905+0000] {processor.py:830} INFO - Processing file /opt/airflow/dags/weather_pipeline_v2.py for tasks to queue
[2026-06-10T09:27:07.908+0000] {logging_mixin.py:188} INFO - [2026-06-10T09:27:07.908+0000] {dagbag.py:545} INFO - Filling up the DagBag from /opt/airflow/dags/weather_pipeline_v2.py
[2026-06-10T09:27:08.101+0000] {processor.py:840} INFO - DAG(s) 'weather_pipeline_v2' retrieved from /opt/airflow/dags/weather_pipeline_v2.py
[2026-06-10T09:27:08.164+0000] {logging_mixin.py:188} INFO - [2026-06-10T09:27:08.164+0000] {dag.py:3096} INFO - Sync 1 DAGs
[2026-06-10T09:27:08.185+0000] {logging_mixin.py:188} INFO - [2026-06-10T09:27:08.185+0000] {dag.py:3954} INFO - Setting next_dagrun for weather_pipeline_v2 to None, run_after=None
[2026-06-10T09:27:08.220+0000] {processor.py:183} INFO - Processing /opt/airflow/dags/weather_pipeline_v2.py took 0.334 seconds
[2026-06-10T09:27:38.370+0000] {processor.py:161} INFO - Started process (PID=462) to work on /opt/airflow/dags/weather_pipeline_v2.py
[2026-06-10T09:27:38.372+0000] {processor.py:830} INFO - Processing file /opt/airflow/dags/weather_pipeline_v2.py for tasks to queue
[2026-06-10T09:27:38.375+0000] {logging_mixin.py:188} INFO - [2026-06-10T09:27:38.375+0000] {dagbag.py:545} INFO - Filling up the DagBag from /opt/airflow/dags/weather_pipeline_v2.py
[2026-06-10T09:27:38.475+0000] {processor.py:840} INFO - DAG(s) 'weather_pipeline_v2' retrieved from /opt/airflow/dags/weather_pipeline_v2.py
[2026-06-10T09:27:38.523+0000] {logging_mixin.py:188} INFO - [2026-06-10T09:27:38.522+0000] {dag.py:3096} INFO - Sync 1 DAGs
[2026-06-10T09:27:38.546+0000] {logging_mixin.py:188} INFO - [2026-06-10T09:27:38.545+0000] {dag.py:3954} INFO - Setting next_dagrun for weather_pipeline_v2 to None, run_after=None
[2026-06-10T09:27:38.582+0000] {processor.py:183} INFO - Processing /opt/airflow/dags/weather_pipeline_v2.py took 0.226 seconds
[2026-06-10T09:28:09.129+0000] {processor.py:161} INFO - Started process (PID=467) to work on /opt/airflow/dags/weather_pipeline_v2.py
[2026-06-10T09:28:09.134+0000] {processor.py:830} INFO - Processing file /opt/airflow/dags/weather_pipeline_v2.py for tasks to queue
[2026-06-10T09:28:09.141+0000] {logging_mixin.py:188} INFO - [2026-06-10T09:28:09.139+0000] {dagbag.py:545} INFO - Filling up the DagBag from /opt/airflow/dags/weather_pipeline_v2.py
[2026-06-10T09:28:09.591+0000] {processor.py:840} INFO - DAG(s) 'weather_pipeline_v2' retrieved from /opt/airflow/dags/weather_pipeline_v2.py
[2026-06-10T09:28:09.658+0000] {logging_mixin.py:188} INFO - [2026-06-10T09:28:09.658+0000] {dag.py:3096} INFO - Sync 1 DAGs
[2026-06-10T09:28:09.691+0000] {logging_mixin.py:188} INFO - [2026-06-10T09:28:09.691+0000] {dag.py:3954} INFO - Setting next_dagrun for weather_pipeline_v2 to None, run_after=None
[2026-06-10T09:28:09.747+0000] {processor.py:183} INFO - Processing /opt/airflow/dags/weather_pipeline_v2.py took 0.656 seconds
[2026-06-10T09:28:40.971+0000] {processor.py:161} INFO - Started process (PID=472) to work on /opt/airflow/dags/weather_pipeline_v2.py
[2026-06-10T09:28:40.975+0000] {processor.py:830} INFO - Processing file /opt/airflow/dags/weather_pipeline_v2.py for tasks to queue
[2026-06-10T09:28:40.980+0000] {logging_mixin.py:188} INFO - [2026-06-10T09:28:40.979+0000] {dagbag.py:545} INFO - Filling up the DagBag from /opt/airflow/dags/weather_pipeline_v2.py
[2026-06-10T09:28:41.556+0000] {processor.py:840} INFO - DAG(s) 'weather_pipeline_v2' retrieved from /opt/airflow/dags/weather_pipeline_v2.py
[2026-06-10T09:28:41.623+0000] {logging_mixin.py:188} INFO - [2026-06-10T09:28:41.623+0000] {dag.py:3096} INFO - Sync 1 DAGs
[2026-06-10T09:28:41.644+0000] {logging_mixin.py:188} INFO - [2026-06-10T09:28:41.644+0000] {dag.py:3954} INFO - Setting next_dagrun for weather_pipeline_v2 to None, run_after=None
[2026-06-10T09:28:41.684+0000] {processor.py:183} INFO - Processing /opt/airflow/dags/weather_pipeline_v2.py took 0.737 seconds
[2026-06-10T09:29:12.193+0000] {processor.py:161} INFO - Started process (PID=477) to work on /opt/airflow/dags/weather_pipeline_v2.py
[2026-06-10T09:29:12.195+0000] {processor.py:830} INFO - Processing file /opt/airflow/dags/weather_pipeline_v2.py for tasks to queue
[2026-06-10T09:29:12.198+0000] {logging_mixin.py:188} INFO - [2026-06-10T09:29:12.198+0000] {dagbag.py:545} INFO - Filling up the DagBag from /opt/airflow/dags/weather_pipeline_v2.py
[2026-06-10T09:29:12.382+0000] {processor.py:840} INFO - DAG(s) 'weather_pipeline_v2' retrieved from /opt/airflow/dags/weather_pipeline_v2.py
[2026-06-10T09:29:12.449+0000] {logging_mixin.py:188} INFO - [2026-06-10T09:29:12.448+0000] {dag.py:3096} INFO - Sync 1 DAGs
[2026-06-10T09:29:12.470+0000] {logging_mixin.py:188} INFO - [2026-06-10T09:29:12.470+0000] {dag.py:3954} INFO - Setting next_dagrun for weather_pipeline_v2 to None, run_after=None
[2026-06-10T09:29:12.515+0000] {processor.py:183} INFO - Processing /opt/airflow/dags/weather_pipeline_v2.py took 0.339 seconds
[2026-06-10T09:29:42.777+0000] {processor.py:161} INFO - Started process (PID=482) to work on /opt/airflow/dags/weather_pipeline_v2.py
[2026-06-10T09:29:42.779+0000] {processor.py:830} INFO - Processing file /opt/airflow/dags/weather_pipeline_v2.py for tasks to queue
[2026-06-10T09:29:42.782+0000] {logging_mixin.py:188} INFO - [2026-06-10T09:29:42.782+0000] {dagbag.py:545} INFO - Filling up the DagBag from /opt/airflow/dags/weather_pipeline_v2.py
[2026-06-10T09:29:42.910+0000] {processor.py:840} INFO - DAG(s) 'weather_pipeline_v2' retrieved from /opt/airflow/dags/weather_pipeline_v2.py
[2026-06-10T09:29:42.963+0000] {logging_mixin.py:188} INFO - [2026-06-10T09:29:42.962+0000] {dag.py:3096} INFO - Sync 1 DAGs
[2026-06-10T09:29:42.986+0000] {logging_mixin.py:188} INFO - [2026-06-10T09:29:42.986+0000] {dag.py:3954} INFO - Setting next_dagrun for weather_pipeline_v2 to None, run_after=None
[2026-06-10T09:29:43.019+0000] {processor.py:183} INFO - Processing /opt/airflow/dags/weather_pipeline_v2.py took 0.261 seconds
