[2026-06-10T09:17:06.893+0000] {local_task_job_runner.py:120} INFO - ::group::Pre task execution logs
[2026-06-10T09:17:06.966+0000] {taskinstance.py:2076} INFO - Dependencies all met for dep_context=non-requeueable deps ti=<TaskInstance: weather_pipeline_v2.log_ingestion_success manual__2026-06-10T09:16:56.791459+00:00 [queued]>
[2026-06-10T09:17:06.986+0000] {taskinstance.py:2076} INFO - Dependencies all met for dep_context=requeueable deps ti=<TaskInstance: weather_pipeline_v2.log_ingestion_success manual__2026-06-10T09:16:56.791459+00:00 [queued]>
[2026-06-10T09:17:06.988+0000] {taskinstance.py:2306} INFO - Starting attempt 1 of 3
[2026-06-10T09:17:07.021+0000] {taskinstance.py:2330} INFO - Executing <Task(PythonOperator): log_ingestion_success> on 2026-06-10 09:16:56.791459+00:00
[2026-06-10T09:17:07.035+0000] {logging_mixin.py:188} WARNING - /home/***/.local/lib/python3.12/site-packages/***/task/task_runner/standard_task_runner.py:61 DeprecationWarning: This process (pid=360) is multi-threaded, use of fork() may lead to deadlocks in the child.
[2026-06-10T09:17:07.039+0000] {standard_task_runner.py:63} INFO - Started process 361 to run task
[2026-06-10T09:17:07.035+0000] {standard_task_runner.py:90} INFO - Running: ['***', 'tasks', 'run', 'weather_pipeline_v2', 'log_ingestion_success', 'manual__2026-06-10T09:16:56.791459+00:00', '--job-id', '28', '--raw', '--subdir', 'DAGS_FOLDER/weather_pipeline_v2.py', '--cfg-path', '/tmp/tmpyqiylf4r']
[2026-06-10T09:17:07.040+0000] {standard_task_runner.py:91} INFO - Job 28: Subtask log_ingestion_success
[2026-06-10T09:17:07.158+0000] {task_command.py:426} INFO - Running <TaskInstance: weather_pipeline_v2.log_ingestion_success manual__2026-06-10T09:16:56.791459+00:00 [running]> on host a8f4778724dd
[2026-06-10T09:17:07.330+0000] {taskinstance.py:2648} INFO - Exporting env vars: AIRFLOW_CTX_DAG_OWNER='***' AIRFLOW_CTX_DAG_ID='weather_pipeline_v2' AIRFLOW_CTX_TASK_ID='log_ingestion_success' AIRFLOW_CTX_EXECUTION_DATE='2026-06-10T09:16:56.791459+00:00' AIRFLOW_CTX_TRY_NUMBER='1' AIRFLOW_CTX_DAG_RUN_ID='manual__2026-06-10T09:16:56.791459+00:00'
[2026-06-10T09:17:07.333+0000] {taskinstance.py:430} INFO - ::endgroup::
[2026-06-10T09:17:07.379+0000] {crypto.py:82} WARNING - empty cryptography key - values will not be stored encrypted.
[2026-06-10T09:17:07.381+0000] {base.py:84} INFO - Using connection ID '***_db' for task execution.
[2026-06-10T09:17:07.393+0000] {weather_pipeline_v2.py:215} INFO - [log] SUCCESS — 4 ligne(s) chargée(s) en 0.41s
[2026-06-10T09:17:07.394+0000] {python.py:237} INFO - Done. Returned value was: None
[2026-06-10T09:17:07.395+0000] {taskinstance.py:441} INFO - ::group::Post task execution logs
[2026-06-10T09:17:07.408+0000] {taskinstance.py:1206} INFO - Marking task as SUCCESS. dag_id=***_pipeline_v2, task_id=log_ingestion_success, run_id=manual__2026-06-10T09:16:56.791459+00:00, execution_date=20260610T091656, start_date=20260610T091706, end_date=20260610T091707
[2026-06-10T09:17:07.456+0000] {local_task_job_runner.py:240} INFO - Task exited with return code 0
[2026-06-10T09:17:07.484+0000] {taskinstance.py:3498} INFO - 0 downstream tasks scheduled from follow-on schedule check
[2026-06-10T09:17:07.488+0000] {local_task_job_runner.py:222} INFO - ::endgroup::
