[2026-06-10T09:16:59.176+0000] {local_task_job_runner.py:120} INFO - ::group::Pre task execution logs
[2026-06-10T09:16:59.233+0000] {taskinstance.py:2076} INFO - Dependencies all met for dep_context=non-requeueable deps ti=<TaskInstance: weather_pipeline_v2.check_data_quality manual__2026-06-10T09:16:53.193402+00:00 [queued]>
[2026-06-10T09:16:59.247+0000] {taskinstance.py:2076} INFO - Dependencies all met for dep_context=requeueable deps ti=<TaskInstance: weather_pipeline_v2.check_data_quality manual__2026-06-10T09:16:53.193402+00:00 [queued]>
[2026-06-10T09:16:59.248+0000] {taskinstance.py:2306} INFO - Starting attempt 1 of 3
[2026-06-10T09:16:59.269+0000] {taskinstance.py:2330} INFO - Executing <Task(PythonOperator): check_data_quality> on 2026-06-10 09:16:53.193402+00:00
[2026-06-10T09:16:59.281+0000] {logging_mixin.py:188} WARNING - /home/***/.local/lib/python3.12/site-packages/***/task/task_runner/standard_task_runner.py:61 DeprecationWarning: This process (pid=342) is multi-threaded, use of fork() may lead to deadlocks in the child.
[2026-06-10T09:16:59.283+0000] {standard_task_runner.py:63} INFO - Started process 343 to run task
[2026-06-10T09:16:59.281+0000] {standard_task_runner.py:90} INFO - Running: ['***', 'tasks', 'run', 'weather_pipeline_v2', 'check_data_quality', 'manual__2026-06-10T09:16:53.193402+00:00', '--job-id', '19', '--raw', '--subdir', 'DAGS_FOLDER/weather_pipeline_v2.py', '--cfg-path', '/tmp/tmpwvhtn4sh']
[2026-06-10T09:16:59.285+0000] {standard_task_runner.py:91} INFO - Job 19: Subtask check_data_quality
[2026-06-10T09:16:59.381+0000] {task_command.py:426} INFO - Running <TaskInstance: weather_pipeline_v2.check_data_quality manual__2026-06-10T09:16:53.193402+00:00 [running]> on host a8f4778724dd
[2026-06-10T09:16:59.536+0000] {taskinstance.py:2648} INFO - Exporting env vars: AIRFLOW_CTX_DAG_OWNER='***' AIRFLOW_CTX_DAG_ID='weather_pipeline_v2' AIRFLOW_CTX_TASK_ID='check_data_quality' AIRFLOW_CTX_EXECUTION_DATE='2026-06-10T09:16:53.193402+00:00' AIRFLOW_CTX_TRY_NUMBER='1' AIRFLOW_CTX_DAG_RUN_ID='manual__2026-06-10T09:16:53.193402+00:00'
[2026-06-10T09:16:59.538+0000] {taskinstance.py:430} INFO - ::endgroup::
[2026-06-10T09:16:59.571+0000] {quality.py:67} INFO - [quality] Contrôle PASSÉ ✓ — 4 lignes valides
[2026-06-10T09:16:59.606+0000] {weather_pipeline_v2.py:130} INFO - [quality] PASSÉ ✓
[2026-06-10T09:16:59.607+0000] {python.py:237} INFO - Done. Returned value was: None
[2026-06-10T09:16:59.609+0000] {taskinstance.py:441} INFO - ::group::Post task execution logs
[2026-06-10T09:16:59.621+0000] {taskinstance.py:1206} INFO - Marking task as SUCCESS. dag_id=weather_pipeline_v2, task_id=check_data_quality, run_id=manual__2026-06-10T09:16:53.193402+00:00, execution_date=20260610T091653, start_date=20260610T091659, end_date=20260610T091659
[2026-06-10T09:16:59.660+0000] {local_task_job_runner.py:240} INFO - Task exited with return code 0
[2026-06-10T09:16:59.707+0000] {taskinstance.py:3498} INFO - 1 downstream tasks scheduled from follow-on schedule check
[2026-06-10T09:16:59.711+0000] {local_task_job_runner.py:222} INFO - ::endgroup::
