[2026-06-10T09:08:33.183+0000] {local_task_job_runner.py:120} INFO - ::group::Pre task execution logs
[2026-06-10T09:08:33.256+0000] {taskinstance.py:2076} INFO - Dependencies all met for dep_context=non-requeueable deps ti=<TaskInstance: weather_pipeline_v2.fetch_raw_weather manual__2026-06-10T09:08:32.258539+00:00 [queued]>
[2026-06-10T09:08:33.272+0000] {taskinstance.py:2076} INFO - Dependencies all met for dep_context=requeueable deps ti=<TaskInstance: weather_pipeline_v2.fetch_raw_weather manual__2026-06-10T09:08:32.258539+00:00 [queued]>
[2026-06-10T09:08:33.287+0000] {taskinstance.py:2306} INFO - Starting attempt 1 of 4
[2026-06-10T09:08:33.319+0000] {taskinstance.py:2330} INFO - Executing <Task(PythonOperator): fetch_raw_weather> on 2026-06-10 09:08:32.258539+00:00
[2026-06-10T09:08:33.330+0000] {logging_mixin.py:188} WARNING - /home/***/.local/lib/python3.12/site-packages/***/task/task_runner/standard_task_runner.py:61 DeprecationWarning: This process (pid=223) is multi-threaded, use of fork() may lead to deadlocks in the child.
[2026-06-10T09:08:33.333+0000] {standard_task_runner.py:63} INFO - Started process 224 to run task
[2026-06-10T09:08:33.331+0000] {standard_task_runner.py:90} INFO - Running: ['***', 'tasks', 'run', 'weather_pipeline_v2', 'fetch_raw_weather', 'manual__2026-06-10T09:08:32.258539+00:00', '--job-id', '2', '--raw', '--subdir', 'DAGS_FOLDER/weather_pipeline_v2.py', '--cfg-path', '/tmp/tmpqugiz2z6']
[2026-06-10T09:08:33.335+0000] {standard_task_runner.py:91} INFO - Job 2: Subtask fetch_raw_weather
[2026-06-10T09:08:33.459+0000] {task_command.py:426} INFO - Running <TaskInstance: weather_pipeline_v2.fetch_raw_weather manual__2026-06-10T09:08:32.258539+00:00 [running]> on host a8f4778724dd
[2026-06-10T09:08:33.616+0000] {taskinstance.py:2648} INFO - Exporting env vars: AIRFLOW_CTX_DAG_OWNER='***' AIRFLOW_CTX_DAG_ID='weather_pipeline_v2' AIRFLOW_CTX_TASK_ID='fetch_raw_weather' AIRFLOW_CTX_EXECUTION_DATE='2026-06-10T09:08:32.258539+00:00' AIRFLOW_CTX_TRY_NUMBER='1' AIRFLOW_CTX_DAG_RUN_ID='manual__2026-06-10T09:08:32.258539+00:00'
[2026-06-10T09:08:33.618+0000] {taskinstance.py:430} INFO - ::endgroup::
[2026-06-10T09:08:33.707+0000] {weather_pipeline_v2.py:68} INFO - [fetch] Villes=['Paris', 'Lyon', 'Marseille', 'Bordeaux'] | forecast_days=1
[2026-06-10T09:08:33.708+0000] {fetch.py:24} INFO - [fetch] Appel API : Paris
[2026-06-10T09:08:34.093+0000] {fetch.py:27} INFO - [fetch] Paris — HTTP 200 OK
[2026-06-10T09:08:34.097+0000] {fetch.py:24} INFO - [fetch] Appel API : Lyon
[2026-06-10T09:08:34.380+0000] {fetch.py:27} INFO - [fetch] Lyon — HTTP 200 OK
[2026-06-10T09:08:34.385+0000] {fetch.py:24} INFO - [fetch] Appel API : Marseille
[2026-06-10T09:08:34.651+0000] {fetch.py:27} INFO - [fetch] Marseille — HTTP 200 OK
[2026-06-10T09:08:34.655+0000] {fetch.py:24} INFO - [fetch] Appel API : Bordeaux
[2026-06-10T09:08:34.857+0000] {fetch.py:27} INFO - [fetch] Bordeaux — HTTP 200 OK
[2026-06-10T09:08:34.861+0000] {fetch.py:37} INFO - [fetch] Total : 4 ville(s) récupérée(s)
[2026-06-10T09:08:34.915+0000] {python.py:237} INFO - Done. Returned value was: None
[2026-06-10T09:08:34.917+0000] {taskinstance.py:441} INFO - ::group::Post task execution logs
[2026-06-10T09:08:34.935+0000] {taskinstance.py:1206} INFO - Marking task as SUCCESS. dag_id=weather_pipeline_v2, task_id=fetch_raw_weather, run_id=manual__2026-06-10T09:08:32.258539+00:00, execution_date=20260610T090832, start_date=20260610T090833, end_date=20260610T090834
[2026-06-10T09:08:35.000+0000] {local_task_job_runner.py:240} INFO - Task exited with return code 0
[2026-06-10T09:08:35.060+0000] {taskinstance.py:3498} INFO - 1 downstream tasks scheduled from follow-on schedule check
[2026-06-10T09:08:35.066+0000] {local_task_job_runner.py:222} INFO - ::endgroup::
