[2026-06-10T09:14:06.588+0000] {local_task_job_runner.py:120} INFO - ::group::Pre task execution logs
[2026-06-10T09:14:06.658+0000] {taskinstance.py:2076} INFO - Dependencies all met for dep_context=non-requeueable deps ti=<TaskInstance: weather_pipeline_v2.check_data_quality manual__2026-06-10T09:13:59.737262+00:00 [queued]>
[2026-06-10T09:14:06.676+0000] {taskinstance.py:2076} INFO - Dependencies all met for dep_context=requeueable deps ti=<TaskInstance: weather_pipeline_v2.check_data_quality manual__2026-06-10T09:13:59.737262+00:00 [queued]>
[2026-06-10T09:14:06.677+0000] {taskinstance.py:2306} INFO - Starting attempt 1 of 3
[2026-06-10T09:14:06.700+0000] {taskinstance.py:2330} INFO - Executing <Task(PythonOperator): check_data_quality> on 2026-06-10 09:13:59.737262+00:00
[2026-06-10T09:14:06.711+0000] {logging_mixin.py:188} WARNING - /home/***/.local/lib/python3.12/site-packages/***/task/task_runner/standard_task_runner.py:61 DeprecationWarning: This process (pid=298) is multi-threaded, use of fork() may lead to deadlocks in the child.
[2026-06-10T09:14:06.714+0000] {standard_task_runner.py:63} INFO - Started process 299 to run task
[2026-06-10T09:14:06.711+0000] {standard_task_runner.py:90} INFO - Running: ['***', 'tasks', 'run', 'weather_pipeline_v2', 'check_data_quality', 'manual__2026-06-10T09:13:59.737262+00:00', '--job-id', '12', '--raw', '--subdir', 'DAGS_FOLDER/weather_pipeline_v2.py', '--cfg-path', '/tmp/tmp1mzs5fx0']
[2026-06-10T09:14:06.716+0000] {standard_task_runner.py:91} INFO - Job 12: Subtask check_data_quality
[2026-06-10T09:14:06.822+0000] {task_command.py:426} INFO - Running <TaskInstance: weather_pipeline_v2.check_data_quality manual__2026-06-10T09:13:59.737262+00:00 [running]> on host a8f4778724dd
[2026-06-10T09:14:06.966+0000] {taskinstance.py:2648} INFO - Exporting env vars: AIRFLOW_CTX_DAG_OWNER='***' AIRFLOW_CTX_DAG_ID='weather_pipeline_v2' AIRFLOW_CTX_TASK_ID='check_data_quality' AIRFLOW_CTX_EXECUTION_DATE='2026-06-10T09:13:59.737262+00:00' AIRFLOW_CTX_TRY_NUMBER='1' AIRFLOW_CTX_DAG_RUN_ID='manual__2026-06-10T09:13:59.737262+00:00'
[2026-06-10T09:14:06.968+0000] {taskinstance.py:430} INFO - ::endgroup::
[2026-06-10T09:14:07.005+0000] {quality.py:69} WARNING - [quality] Contrôle ÉCHOUÉ ✗ — 2 anomalie(s) sur 4 lignes
[2026-06-10T09:14:07.006+0000] {quality.py:71} WARNING -   ✗ Paris/2026-06-10 — temp_max_c hors plage [-50.0,60.0] : 999.0°C
[2026-06-10T09:14:07.007+0000] {quality.py:71} WARNING -   ✗ Paris/2026-06-10 — temp_min_c hors plage [-50.0,60.0] : -999.0°C
[2026-06-10T09:14:07.049+0000] {weather_pipeline_v2.py:130} INFO - [quality] ÉCHOUÉ ✗ (2 anomalie(s))
[2026-06-10T09:14:07.051+0000] {python.py:237} INFO - Done. Returned value was: None
[2026-06-10T09:14:07.052+0000] {taskinstance.py:441} INFO - ::group::Post task execution logs
[2026-06-10T09:14:07.069+0000] {taskinstance.py:1206} INFO - Marking task as SUCCESS. dag_id=weather_pipeline_v2, task_id=check_data_quality, run_id=manual__2026-06-10T09:13:59.737262+00:00, execution_date=20260610T091359, start_date=20260610T091406, end_date=20260610T091407
[2026-06-10T09:14:07.133+0000] {local_task_job_runner.py:240} INFO - Task exited with return code 0
[2026-06-10T09:14:07.193+0000] {taskinstance.py:3498} INFO - 1 downstream tasks scheduled from follow-on schedule check
[2026-06-10T09:14:07.198+0000] {local_task_job_runner.py:222} INFO - ::endgroup::
