[2026-06-10T09:17:01.752+0000] {local_task_job_runner.py:120} INFO - ::group::Pre task execution logs
[2026-06-10T09:17:01.807+0000] {taskinstance.py:2076} INFO - Dependencies all met for dep_context=non-requeueable deps ti=<TaskInstance: weather_pipeline_v2.load_to_postgresql manual__2026-06-10T09:16:53.193402+00:00 [queued]>
[2026-06-10T09:17:01.823+0000] {taskinstance.py:2076} INFO - Dependencies all met for dep_context=requeueable deps ti=<TaskInstance: weather_pipeline_v2.load_to_postgresql manual__2026-06-10T09:16:53.193402+00:00 [queued]>
[2026-06-10T09:17:01.825+0000] {taskinstance.py:2306} INFO - Starting attempt 1 of 3
[2026-06-10T09:17:01.848+0000] {taskinstance.py:2330} INFO - Executing <Task(PythonOperator): load_to_postgresql> on 2026-06-10 09:16:53.193402+00:00
[2026-06-10T09:17:01.857+0000] {logging_mixin.py:188} WARNING - /home/***/.local/lib/python3.12/site-packages/***/task/task_runner/standard_task_runner.py:61 DeprecationWarning: This process (pid=349) is multi-threaded, use of fork() may lead to deadlocks in the child.
[2026-06-10T09:17:01.859+0000] {standard_task_runner.py:63} INFO - Started process 351 to run task
[2026-06-10T09:17:01.858+0000] {standard_task_runner.py:90} INFO - Running: ['***', 'tasks', 'run', 'weather_pipeline_v2', 'load_to_postgresql', 'manual__2026-06-10T09:16:53.193402+00:00', '--job-id', '22', '--raw', '--subdir', 'DAGS_FOLDER/weather_pipeline_v2.py', '--cfg-path', '/tmp/tmpg_d3bdv7']
[2026-06-10T09:17:01.862+0000] {standard_task_runner.py:91} INFO - Job 22: Subtask load_to_postgresql
[2026-06-10T09:17:01.968+0000] {task_command.py:426} INFO - Running <TaskInstance: weather_pipeline_v2.load_to_postgresql manual__2026-06-10T09:16:53.193402+00:00 [running]> on host a8f4778724dd
[2026-06-10T09:17:02.134+0000] {taskinstance.py:2648} INFO - Exporting env vars: AIRFLOW_CTX_DAG_OWNER='***' AIRFLOW_CTX_DAG_ID='weather_pipeline_v2' AIRFLOW_CTX_TASK_ID='load_to_postgresql' AIRFLOW_CTX_EXECUTION_DATE='2026-06-10T09:16:53.193402+00:00' AIRFLOW_CTX_TRY_NUMBER='1' AIRFLOW_CTX_DAG_RUN_ID='manual__2026-06-10T09:16:53.193402+00:00'
[2026-06-10T09:17:02.136+0000] {taskinstance.py:430} INFO - ::endgroup::
[2026-06-10T09:17:02.181+0000] {crypto.py:82} WARNING - empty cryptography key - values will not be stored encrypted.
[2026-06-10T09:17:02.183+0000] {base.py:84} INFO - Using connection ID '***_db' for task execution.
[2026-06-10T09:17:02.219+0000] {weather_pipeline_v2.py:177} INFO - [load] 4 ligne(s) insérée(s) | Total en base : 8
[2026-06-10T09:17:02.220+0000] {python.py:237} INFO - Done. Returned value was: None
[2026-06-10T09:17:02.222+0000] {taskinstance.py:441} INFO - ::group::Post task execution logs
[2026-06-10T09:17:02.233+0000] {taskinstance.py:1206} INFO - Marking task as SUCCESS. dag_id=***_pipeline_v2, task_id=load_to_postgresql, run_id=manual__2026-06-10T09:16:53.193402+00:00, execution_date=20260610T091653, start_date=20260610T091701, end_date=20260610T091702
[2026-06-10T09:17:02.277+0000] {local_task_job_runner.py:240} INFO - Task exited with return code 0
[2026-06-10T09:17:02.312+0000] {taskinstance.py:3498} INFO - 1 downstream tasks scheduled from follow-on schedule check
[2026-06-10T09:17:02.318+0000] {local_task_job_runner.py:222} INFO - ::endgroup::
