[2026-06-10T09:08:35.930+0000] {local_task_job_runner.py:120} INFO - ::group::Pre task execution logs
[2026-06-10T09:08:35.979+0000] {taskinstance.py:2076} INFO - Dependencies all met for dep_context=non-requeueable deps ti=<TaskInstance: weather_pipeline_v2.archive_raw_data manual__2026-06-10T09:08:32.258539+00:00 [queued]>
[2026-06-10T09:08:35.996+0000] {taskinstance.py:2076} INFO - Dependencies all met for dep_context=requeueable deps ti=<TaskInstance: weather_pipeline_v2.archive_raw_data manual__2026-06-10T09:08:32.258539+00:00 [queued]>
[2026-06-10T09:08:35.997+0000] {taskinstance.py:2306} INFO - Starting attempt 1 of 3
[2026-06-10T09:08:36.019+0000] {taskinstance.py:2330} INFO - Executing <Task(PythonOperator): archive_raw_data> on 2026-06-10 09:08:32.258539+00:00
[2026-06-10T09:08:36.029+0000] {logging_mixin.py:188} WARNING - /home/***/.local/lib/python3.12/site-packages/***/task/task_runner/standard_task_runner.py:61 DeprecationWarning: This process (pid=225) is multi-threaded, use of fork() may lead to deadlocks in the child.
[2026-06-10T09:08:36.029+0000] {standard_task_runner.py:90} INFO - Running: ['***', 'tasks', 'run', 'weather_pipeline_v2', 'archive_raw_data', 'manual__2026-06-10T09:08:32.258539+00:00', '--job-id', '3', '--raw', '--subdir', 'DAGS_FOLDER/weather_pipeline_v2.py', '--cfg-path', '/tmp/tmp5n5bdwij']
[2026-06-10T09:08:36.031+0000] {standard_task_runner.py:63} INFO - Started process 226 to run task
[2026-06-10T09:08:36.032+0000] {standard_task_runner.py:91} INFO - Job 3: Subtask archive_raw_data
[2026-06-10T09:08:36.138+0000] {task_command.py:426} INFO - Running <TaskInstance: weather_pipeline_v2.archive_raw_data manual__2026-06-10T09:08:32.258539+00:00 [running]> on host a8f4778724dd
[2026-06-10T09:08:36.282+0000] {taskinstance.py:2648} INFO - Exporting env vars: AIRFLOW_CTX_DAG_OWNER='***' AIRFLOW_CTX_DAG_ID='weather_pipeline_v2' AIRFLOW_CTX_TASK_ID='archive_raw_data' AIRFLOW_CTX_EXECUTION_DATE='2026-06-10T09:08:32.258539+00:00' AIRFLOW_CTX_TRY_NUMBER='1' AIRFLOW_CTX_DAG_RUN_ID='manual__2026-06-10T09:08:32.258539+00:00'
[2026-06-10T09:08:36.285+0000] {taskinstance.py:430} INFO - ::endgroup::
[2026-06-10T09:08:36.340+0000] {archive.py:25} INFO - [archive] JSON brut sauvegardé : /tmp/weather_archive/2026-06-10/manual__2026-06-10T09_08_32.258539_00_00.json
[2026-06-10T09:08:36.344+0000] {crypto.py:82} WARNING - empty cryptography key - values will not be stored encrypted.
[2026-06-10T09:08:36.346+0000] {base.py:84} INFO - Using connection ID '***_db' for task execution.
[2026-06-10T09:08:36.384+0000] {python.py:237} INFO - Done. Returned value was: None
[2026-06-10T09:08:36.385+0000] {taskinstance.py:441} INFO - ::group::Post task execution logs
[2026-06-10T09:08:36.399+0000] {taskinstance.py:1206} INFO - Marking task as SUCCESS. dag_id=***_pipeline_v2, task_id=archive_raw_data, run_id=manual__2026-06-10T09:08:32.258539+00:00, execution_date=20260610T090832, start_date=20260610T090835, end_date=20260610T090836
[2026-06-10T09:08:36.448+0000] {local_task_job_runner.py:240} INFO - Task exited with return code 0
[2026-06-10T09:08:36.508+0000] {taskinstance.py:3498} INFO - 1 downstream tasks scheduled from follow-on schedule check
[2026-06-10T09:08:36.515+0000] {local_task_job_runner.py:222} INFO - ::endgroup::
