[2026-06-10T09:05:36.117+0000] {manager.py:470} INFO - Processing files using up to 2 processes at a time 
[2026-06-10T09:05:36.119+0000] {manager.py:471} INFO - Process each file at most once every 30 seconds
[2026-06-10T09:05:36.121+0000] {manager.py:472} INFO - Checking for new files in /opt/airflow/dags every 300 seconds
[2026-06-10T09:05:36.123+0000] {manager.py:737} INFO - Searching for files in /opt/airflow/dags
[2026-06-10T09:05:36.284+0000] {manager.py:740} INFO - There are 1 files in /opt/airflow/dags
[2026-06-10T09:05:36.606+0000] {manager.py:878} INFO - 
================================================================================
DAG File Processing Stats

File Path                                   PID  Runtime      # DAGs    # Errors  Last Runtime    Last Run
----------------------------------------  -----  ---------  --------  ----------  --------------  ----------
/opt/airflow/dags/weather_pipeline_v2.py    193  0.07s             0           0
================================================================================
[2026-06-10T09:06:06.873+0000] {manager.py:878} INFO - 
================================================================================
DAG File Processing Stats

File Path                                 PID    Runtime      # DAGs    # Errors  Last Runtime    Last Run
----------------------------------------  -----  ---------  --------  ----------  --------------  -------------------
/opt/airflow/dags/weather_pipeline_v2.py                           1           0  1.19s           2026-06-10T09:05:37
================================================================================
[2026-06-10T09:06:37.249+0000] {manager.py:878} INFO - 
================================================================================
DAG File Processing Stats

File Path                                 PID    Runtime      # DAGs    # Errors  Last Runtime    Last Run
----------------------------------------  -----  ---------  --------  ----------  --------------  -------------------
/opt/airflow/dags/weather_pipeline_v2.py                           1           0  0.30s           2026-06-10T09:06:08
================================================================================
[2026-06-10T09:07:07.954+0000] {manager.py:878} INFO - 
================================================================================
DAG File Processing Stats

File Path                                 PID    Runtime      # DAGs    # Errors  Last Runtime    Last Run
----------------------------------------  -----  ---------  --------  ----------  --------------  -------------------
/opt/airflow/dags/weather_pipeline_v2.py                           1           0  0.45s           2026-06-10T09:06:38
================================================================================
[2026-06-10T09:07:38.351+0000] {manager.py:878} INFO - 
================================================================================
DAG File Processing Stats

File Path                                 PID    Runtime      # DAGs    # Errors  Last Runtime    Last Run
----------------------------------------  -----  ---------  --------  ----------  --------------  -------------------
/opt/airflow/dags/weather_pipeline_v2.py                           1           0  0.47s           2026-06-10T09:07:09
================================================================================
[2026-06-10T09:08:08.699+0000] {manager.py:878} INFO - 
================================================================================
DAG File Processing Stats

File Path                                 PID    Runtime      # DAGs    # Errors  Last Runtime    Last Run
----------------------------------------  -----  ---------  --------  ----------  --------------  -------------------
/opt/airflow/dags/weather_pipeline_v2.py                           1           0  0.43s           2026-06-10T09:07:40
================================================================================
[2026-06-10T09:08:39.377+0000] {manager.py:878} INFO - 
================================================================================
DAG File Processing Stats

File Path                                 PID    Runtime      # DAGs    # Errors  Last Runtime    Last Run
----------------------------------------  -----  ---------  --------  ----------  --------------  -------------------
/opt/airflow/dags/weather_pipeline_v2.py                           1           0  0.38s           2026-06-10T09:08:11
================================================================================
[2026-06-10T09:09:09.754+0000] {manager.py:878} INFO - 
================================================================================
DAG File Processing Stats

File Path                                 PID    Runtime      # DAGs    # Errors  Last Runtime    Last Run
----------------------------------------  -----  ---------  --------  ----------  --------------  -------------------
/opt/airflow/dags/weather_pipeline_v2.py                           1           0  0.42s           2026-06-10T09:08:41
================================================================================
[2026-06-10T09:09:40.096+0000] {manager.py:878} INFO - 
================================================================================
DAG File Processing Stats

File Path                                 PID    Runtime      # DAGs    # Errors  Last Runtime    Last Run
----------------------------------------  -----  ---------  --------  ----------  --------------  -------------------
/opt/airflow/dags/weather_pipeline_v2.py                           1           0  0.50s           2026-06-10T09:09:12
================================================================================
[2026-06-10T09:10:10.909+0000] {manager.py:878} INFO - 
================================================================================
DAG File Processing Stats

File Path                                 PID    Runtime      # DAGs    # Errors  Last Runtime    Last Run
----------------------------------------  -----  ---------  --------  ----------  --------------  -------------------
/opt/airflow/dags/weather_pipeline_v2.py                           1           0  0.45s           2026-06-10T09:09:43
================================================================================
[2026-06-10T09:10:36.149+0000] {manager.py:737} INFO - Searching for files in /opt/airflow/dags
[2026-06-10T09:10:36.446+0000] {manager.py:740} INFO - There are 1 files in /opt/airflow/dags
[2026-06-10T09:10:41.523+0000] {manager.py:878} INFO - 
================================================================================
DAG File Processing Stats

File Path                                 PID    Runtime      # DAGs    # Errors  Last Runtime    Last Run
----------------------------------------  -----  ---------  --------  ----------  --------------  -------------------
/opt/airflow/dags/weather_pipeline_v2.py                           1           0  0.45s           2026-06-10T09:10:14
================================================================================
[2026-06-10T09:11:12.029+0000] {manager.py:878} INFO - 
================================================================================
DAG File Processing Stats

File Path                                 PID    Runtime      # DAGs    # Errors  Last Runtime    Last Run
----------------------------------------  -----  ---------  --------  ----------  --------------  -------------------
/opt/airflow/dags/weather_pipeline_v2.py                           1           0  0.37s           2026-06-10T09:10:44
================================================================================
[2026-06-10T09:11:42.472+0000] {manager.py:878} INFO - 
================================================================================
DAG File Processing Stats

File Path                                 PID    Runtime      # DAGs    # Errors  Last Runtime    Last Run
----------------------------------------  -----  ---------  --------  ----------  --------------  -------------------
/opt/airflow/dags/weather_pipeline_v2.py                           1           0  0.43s           2026-06-10T09:11:15
================================================================================
[2026-06-10T09:12:12.806+0000] {manager.py:878} INFO - 
================================================================================
DAG File Processing Stats

File Path                                 PID    Runtime      # DAGs    # Errors  Last Runtime    Last Run
----------------------------------------  -----  ---------  --------  ----------  --------------  -------------------
/opt/airflow/dags/weather_pipeline_v2.py                           1           0  0.29s           2026-06-10T09:11:45
================================================================================
[2026-06-10T09:12:42.815+0000] {manager.py:878} INFO - 
================================================================================
DAG File Processing Stats

File Path                                 PID    Runtime      # DAGs    # Errors  Last Runtime    Last Run
----------------------------------------  -----  ---------  --------  ----------  --------------  -------------------
/opt/airflow/dags/weather_pipeline_v2.py                           1           0  0.35s           2026-06-10T09:12:16
================================================================================
[2026-06-10T09:13:13.195+0000] {manager.py:878} INFO - 
================================================================================
DAG File Processing Stats

File Path                                 PID    Runtime      # DAGs    # Errors  Last Runtime    Last Run
----------------------------------------  -----  ---------  --------  ----------  --------------  -------------------
/opt/airflow/dags/weather_pipeline_v2.py                           1           0  0.38s           2026-06-10T09:12:47
================================================================================
[2026-06-10T09:13:43.272+0000] {manager.py:878} INFO - 
================================================================================
DAG File Processing Stats

File Path                                 PID    Runtime      # DAGs    # Errors  Last Runtime    Last Run
----------------------------------------  -----  ---------  --------  ----------  --------------  -------------------
/opt/airflow/dags/weather_pipeline_v2.py                           1           0  0.29s           2026-06-10T09:13:18
================================================================================
[2026-06-10T09:14:13.628+0000] {manager.py:878} INFO - 
================================================================================
DAG File Processing Stats

File Path                                 PID    Runtime      # DAGs    # Errors  Last Runtime    Last Run
----------------------------------------  -----  ---------  --------  ----------  --------------  -------------------
/opt/airflow/dags/weather_pipeline_v2.py                           1           0  0.31s           2026-06-10T09:13:48
================================================================================
[2026-06-10T09:14:44.052+0000] {manager.py:878} INFO - 
================================================================================
DAG File Processing Stats

File Path                                 PID    Runtime      # DAGs    # Errors  Last Runtime    Last Run
----------------------------------------  -----  ---------  --------  ----------  --------------  -------------------
/opt/airflow/dags/weather_pipeline_v2.py                           1           0  0.48s           2026-06-10T09:14:19
================================================================================
[2026-06-10T09:15:14.334+0000] {manager.py:878} INFO - 
================================================================================
DAG File Processing Stats

File Path                                 PID    Runtime      # DAGs    # Errors  Last Runtime    Last Run
----------------------------------------  -----  ---------  --------  ----------  --------------  -------------------
/opt/airflow/dags/weather_pipeline_v2.py                           1           0  0.45s           2026-06-10T09:14:50
================================================================================
[2026-06-10T09:15:36.222+0000] {manager.py:737} INFO - Searching for files in /opt/airflow/dags
[2026-06-10T09:15:36.468+0000] {manager.py:740} INFO - There are 1 files in /opt/airflow/dags
[2026-06-10T09:15:44.697+0000] {manager.py:878} INFO - 
================================================================================
DAG File Processing Stats

File Path                                 PID    Runtime      # DAGs    # Errors  Last Runtime    Last Run
----------------------------------------  -----  ---------  --------  ----------  --------------  -------------------
/opt/airflow/dags/weather_pipeline_v2.py                           1           0  0.47s           2026-06-10T09:15:20
================================================================================
[2026-06-10T09:16:15.241+0000] {manager.py:878} INFO - 
================================================================================
DAG File Processing Stats

File Path                                 PID    Runtime      # DAGs    # Errors  Last Runtime    Last Run
----------------------------------------  -----  ---------  --------  ----------  --------------  -------------------
/opt/airflow/dags/weather_pipeline_v2.py                           1           0  0.38s           2026-06-10T09:15:52
================================================================================
[2026-06-10T09:16:45.701+0000] {manager.py:878} INFO - 
================================================================================
DAG File Processing Stats

File Path                                 PID    Runtime      # DAGs    # Errors  Last Runtime    Last Run
----------------------------------------  -----  ---------  --------  ----------  --------------  -------------------
/opt/airflow/dags/weather_pipeline_v2.py                           1           0  0.41s           2026-06-10T09:16:22
================================================================================
[2026-06-10T09:17:16.349+0000] {manager.py:878} INFO - 
================================================================================
DAG File Processing Stats

File Path                                 PID    Runtime      # DAGs    # Errors  Last Runtime    Last Run
----------------------------------------  -----  ---------  --------  ----------  --------------  -------------------
/opt/airflow/dags/weather_pipeline_v2.py                           1           0  0.47s           2026-06-10T09:16:53
================================================================================
[2026-06-10T09:17:46.870+0000] {manager.py:878} INFO - 
================================================================================
DAG File Processing Stats

File Path                                 PID    Runtime      # DAGs    # Errors  Last Runtime    Last Run
----------------------------------------  -----  ---------  --------  ----------  --------------  -------------------
/opt/airflow/dags/weather_pipeline_v2.py                           1           0  0.44s           2026-06-10T09:17:24
================================================================================
[2026-06-10T09:18:17.128+0000] {manager.py:878} INFO - 
================================================================================
DAG File Processing Stats

File Path                                 PID    Runtime      # DAGs    # Errors  Last Runtime    Last Run
----------------------------------------  -----  ---------  --------  ----------  --------------  -------------------
/opt/airflow/dags/weather_pipeline_v2.py                           1           0  0.41s           2026-06-10T09:17:54
================================================================================
[2026-06-10T09:18:47.590+0000] {manager.py:878} INFO - 
================================================================================
DAG File Processing Stats

File Path                                 PID    Runtime      # DAGs    # Errors  Last Runtime    Last Run
----------------------------------------  -----  ---------  --------  ----------  --------------  -------------------
/opt/airflow/dags/weather_pipeline_v2.py                           1           0  0.39s           2026-06-10T09:18:25
================================================================================
[2026-06-10T09:19:17.678+0000] {manager.py:878} INFO - 
================================================================================
DAG File Processing Stats

File Path                                 PID    Runtime      # DAGs    # Errors  Last Runtime    Last Run
----------------------------------------  -----  ---------  --------  ----------  --------------  -------------------
/opt/airflow/dags/weather_pipeline_v2.py                           1           0  0.39s           2026-06-10T09:18:56
================================================================================
[2026-06-10T09:19:47.958+0000] {manager.py:878} INFO - 
================================================================================
DAG File Processing Stats

File Path                                 PID    Runtime      # DAGs    # Errors  Last Runtime    Last Run
----------------------------------------  -----  ---------  --------  ----------  --------------  -------------------
/opt/airflow/dags/weather_pipeline_v2.py                           1           0  0.34s           2026-06-10T09:19:27
================================================================================
[2026-06-10T09:20:18.575+0000] {manager.py:878} INFO - 
================================================================================
DAG File Processing Stats

File Path                                 PID    Runtime      # DAGs    # Errors  Last Runtime    Last Run
----------------------------------------  -----  ---------  --------  ----------  --------------  -------------------
/opt/airflow/dags/weather_pipeline_v2.py                           1           0  0.32s           2026-06-10T09:19:57
================================================================================
[2026-06-10T09:20:37.151+0000] {manager.py:737} INFO - Searching for files in /opt/airflow/dags
[2026-06-10T09:20:37.526+0000] {manager.py:740} INFO - There are 1 files in /opt/airflow/dags
[2026-06-10T09:20:48.662+0000] {manager.py:878} INFO - 
================================================================================
DAG File Processing Stats

File Path                                 PID    Runtime      # DAGs    # Errors  Last Runtime    Last Run
----------------------------------------  -----  ---------  --------  ----------  --------------  -------------------
/opt/airflow/dags/weather_pipeline_v2.py                           1           0  0.24s           2026-06-10T09:20:28
================================================================================
[2026-06-10T09:21:18.998+0000] {manager.py:878} INFO - 
================================================================================
DAG File Processing Stats

File Path                                 PID    Runtime      # DAGs    # Errors  Last Runtime    Last Run
----------------------------------------  -----  ---------  --------  ----------  --------------  -------------------
/opt/airflow/dags/weather_pipeline_v2.py                           1           0  0.29s           2026-06-10T09:20:59
================================================================================
[2026-06-10T09:21:49.495+0000] {manager.py:878} INFO - 
================================================================================
DAG File Processing Stats

File Path                                 PID    Runtime      # DAGs    # Errors  Last Runtime    Last Run
----------------------------------------  -----  ---------  --------  ----------  --------------  -------------------
/opt/airflow/dags/weather_pipeline_v2.py                           1           0  0.30s           2026-06-10T09:21:29
================================================================================
[2026-06-10T09:22:19.828+0000] {manager.py:878} INFO - 
================================================================================
DAG File Processing Stats

File Path                                 PID    Runtime      # DAGs    # Errors  Last Runtime    Last Run
----------------------------------------  -----  ---------  --------  ----------  --------------  -------------------
/opt/airflow/dags/weather_pipeline_v2.py                           1           0  0.39s           2026-06-10T09:21:59
================================================================================
[2026-06-10T09:22:50.032+0000] {manager.py:878} INFO - 
================================================================================
DAG File Processing Stats

File Path                                 PID    Runtime      # DAGs    # Errors  Last Runtime    Last Run
----------------------------------------  -----  ---------  --------  ----------  --------------  -------------------
/opt/airflow/dags/weather_pipeline_v2.py                           1           0  0.41s           2026-06-10T09:22:30
================================================================================
[2026-06-10T09:23:20.874+0000] {manager.py:878} INFO - 
================================================================================
DAG File Processing Stats

File Path                                 PID    Runtime      # DAGs    # Errors  Last Runtime    Last Run
----------------------------------------  -----  ---------  --------  ----------  --------------  -------------------
/opt/airflow/dags/weather_pipeline_v2.py                           1           0  0.41s           2026-06-10T09:23:01
================================================================================
[2026-06-10T09:23:51.221+0000] {manager.py:878} INFO - 
================================================================================
DAG File Processing Stats

File Path                                 PID    Runtime      # DAGs    # Errors  Last Runtime    Last Run
----------------------------------------  -----  ---------  --------  ----------  --------------  -------------------
/opt/airflow/dags/weather_pipeline_v2.py                           1           0  0.41s           2026-06-10T09:23:32
================================================================================
[2026-06-10T09:24:21.505+0000] {manager.py:878} INFO - 
================================================================================
DAG File Processing Stats

File Path                                 PID    Runtime      # DAGs    # Errors  Last Runtime    Last Run
----------------------------------------  -----  ---------  --------  ----------  --------------  -------------------
/opt/airflow/dags/weather_pipeline_v2.py                           1           0  0.49s           2026-06-10T09:24:03
================================================================================
[2026-06-10T09:24:51.660+0000] {manager.py:878} INFO - 
================================================================================
DAG File Processing Stats

File Path                                 PID    Runtime      # DAGs    # Errors  Last Runtime    Last Run
----------------------------------------  -----  ---------  --------  ----------  --------------  -------------------
/opt/airflow/dags/weather_pipeline_v2.py                           1           0  0.66s           2026-06-10T09:24:34
================================================================================
[2026-06-10T09:25:22.290+0000] {manager.py:878} INFO - 
================================================================================
DAG File Processing Stats

File Path                                 PID    Runtime      # DAGs    # Errors  Last Runtime    Last Run
----------------------------------------  -----  ---------  --------  ----------  --------------  -------------------
/opt/airflow/dags/weather_pipeline_v2.py                           1           0  0.44s           2026-06-10T09:25:05
================================================================================
[2026-06-10T09:25:37.590+0000] {manager.py:737} INFO - Searching for files in /opt/airflow/dags
[2026-06-10T09:25:38.087+0000] {manager.py:740} INFO - There are 1 files in /opt/airflow/dags
[2026-06-10T09:25:53.367+0000] {manager.py:878} INFO - 
================================================================================
DAG File Processing Stats

File Path                                 PID    Runtime      # DAGs    # Errors  Last Runtime    Last Run
----------------------------------------  -----  ---------  --------  ----------  --------------  -------------------
/opt/airflow/dags/weather_pipeline_v2.py                           1           0  0.36s           2026-06-10T09:25:35
================================================================================
[2026-06-10T09:26:23.901+0000] {manager.py:878} INFO - 
================================================================================
DAG File Processing Stats

File Path                                 PID    Runtime      # DAGs    # Errors  Last Runtime    Last Run
----------------------------------------  -----  ---------  --------  ----------  --------------  -------------------
/opt/airflow/dags/weather_pipeline_v2.py                           1           0  0.43s           2026-06-10T09:26:07
================================================================================
[2026-06-10T09:26:54.136+0000] {manager.py:878} INFO - 
================================================================================
DAG File Processing Stats

File Path                                 PID    Runtime      # DAGs    # Errors  Last Runtime    Last Run
----------------------------------------  -----  ---------  --------  ----------  --------------  -------------------
/opt/airflow/dags/weather_pipeline_v2.py                           1           0  0.27s           2026-06-10T09:26:37
================================================================================
[2026-06-10T09:27:24.378+0000] {manager.py:878} INFO - 
================================================================================
DAG File Processing Stats

File Path                                 PID    Runtime      # DAGs    # Errors  Last Runtime    Last Run
----------------------------------------  -----  ---------  --------  ----------  --------------  -------------------
/opt/airflow/dags/weather_pipeline_v2.py                           1           0  0.39s           2026-06-10T09:27:08
================================================================================
[2026-06-10T09:27:54.711+0000] {manager.py:878} INFO - 
================================================================================
DAG File Processing Stats

File Path                                 PID    Runtime      # DAGs    # Errors  Last Runtime    Last Run
----------------------------------------  -----  ---------  --------  ----------  --------------  -------------------
/opt/airflow/dags/weather_pipeline_v2.py                           1           0  0.27s           2026-06-10T09:27:38
================================================================================
[2026-06-10T09:28:24.978+0000] {manager.py:878} INFO - 
================================================================================
DAG File Processing Stats

File Path                                 PID    Runtime      # DAGs    # Errors  Last Runtime    Last Run
----------------------------------------  -----  ---------  --------  ----------  --------------  -------------------
/opt/airflow/dags/weather_pipeline_v2.py                           1           0  0.79s           2026-06-10T09:28:09
================================================================================
[2026-06-10T09:28:55.007+0000] {manager.py:878} INFO - 
================================================================================
DAG File Processing Stats

File Path                                 PID    Runtime      # DAGs    # Errors  Last Runtime    Last Run
----------------------------------------  -----  ---------  --------  ----------  --------------  -------------------
/opt/airflow/dags/weather_pipeline_v2.py                           1           0  0.87s           2026-06-10T09:28:41
================================================================================
