[2026-06-10T09:16:57.882+0000] {local_task_job_runner.py:120} INFO - ::group::Pre task execution logs
[2026-06-10T09:16:57.951+0000] {taskinstance.py:2076} INFO - Dependencies all met for dep_context=non-requeueable deps ti=<TaskInstance: weather_pipeline_v2.fetch_raw_weather manual__2026-06-10T09:16:56.791459+00:00 [queued]>
[2026-06-10T09:16:57.967+0000] {taskinstance.py:2076} INFO - Dependencies all met for dep_context=requeueable deps ti=<TaskInstance: weather_pipeline_v2.fetch_raw_weather manual__2026-06-10T09:16:56.791459+00:00 [queued]>
[2026-06-10T09:16:57.969+0000] {taskinstance.py:2306} INFO - Starting attempt 1 of 4
[2026-06-10T09:16:57.996+0000] {taskinstance.py:2330} INFO - Executing <Task(PythonOperator): fetch_raw_weather> on 2026-06-10 09:16:56.791459+00:00
[2026-06-10T09:16:58.008+0000] {logging_mixin.py:188} WARNING - /home/***/.local/lib/python3.12/site-packages/***/task/task_runner/standard_task_runner.py:61 DeprecationWarning: This process (pid=339) is multi-threaded, use of fork() may lead to deadlocks in the child.
[2026-06-10T09:16:58.011+0000] {standard_task_runner.py:63} INFO - Started process 340 to run task
[2026-06-10T09:16:58.009+0000] {standard_task_runner.py:90} INFO - Running: ['***', 'tasks', 'run', 'weather_pipeline_v2', 'fetch_raw_weather', 'manual__2026-06-10T09:16:56.791459+00:00', '--job-id', '17', '--raw', '--subdir', 'DAGS_FOLDER/weather_pipeline_v2.py', '--cfg-path', '/tmp/tmpfhe48b6_']
[2026-06-10T09:16:58.014+0000] {standard_task_runner.py:91} INFO - Job 17: Subtask fetch_raw_weather
[2026-06-10T09:16:58.097+0000] {task_command.py:426} INFO - Running <TaskInstance: weather_pipeline_v2.fetch_raw_weather manual__2026-06-10T09:16:56.791459+00:00 [running]> on host a8f4778724dd
[2026-06-10T09:16:58.240+0000] {taskinstance.py:2648} INFO - Exporting env vars: AIRFLOW_CTX_DAG_OWNER='***' AIRFLOW_CTX_DAG_ID='weather_pipeline_v2' AIRFLOW_CTX_TASK_ID='fetch_raw_weather' AIRFLOW_CTX_EXECUTION_DATE='2026-06-10T09:16:56.791459+00:00' AIRFLOW_CTX_TRY_NUMBER='1' AIRFLOW_CTX_DAG_RUN_ID='manual__2026-06-10T09:16:56.791459+00:00'
[2026-06-10T09:16:58.242+0000] {taskinstance.py:430} INFO - ::endgroup::
[2026-06-10T09:16:58.284+0000] {weather_pipeline_v2.py:68} INFO - [fetch] Villes=['Paris', 'Lyon', 'Marseille', 'Bordeaux'] | forecast_days=1
[2026-06-10T09:16:58.285+0000] {fetch.py:24} INFO - [fetch] Appel API : Paris
[2026-06-10T09:16:58.577+0000] {fetch.py:27} INFO - [fetch] Paris — HTTP 200 OK
[2026-06-10T09:16:58.580+0000] {fetch.py:24} INFO - [fetch] Appel API : Lyon
[2026-06-10T09:16:58.817+0000] {fetch.py:27} INFO - [fetch] Lyon — HTTP 200 OK
[2026-06-10T09:16:58.823+0000] {fetch.py:24} INFO - [fetch] Appel API : Marseille
[2026-06-10T09:16:59.147+0000] {fetch.py:27} INFO - [fetch] Marseille — HTTP 200 OK
[2026-06-10T09:16:59.164+0000] {fetch.py:24} INFO - [fetch] Appel API : Bordeaux
[2026-06-10T09:16:59.421+0000] {fetch.py:27} INFO - [fetch] Bordeaux — HTTP 200 OK
[2026-06-10T09:16:59.424+0000] {fetch.py:37} INFO - [fetch] Total : 4 ville(s) récupérée(s)
[2026-06-10T09:16:59.469+0000] {python.py:237} INFO - Done. Returned value was: None
[2026-06-10T09:16:59.471+0000] {taskinstance.py:441} INFO - ::group::Post task execution logs
[2026-06-10T09:16:59.483+0000] {taskinstance.py:1206} INFO - Marking task as SUCCESS. dag_id=weather_pipeline_v2, task_id=fetch_raw_weather, run_id=manual__2026-06-10T09:16:56.791459+00:00, execution_date=20260610T091656, start_date=20260610T091657, end_date=20260610T091659
[2026-06-10T09:16:59.517+0000] {local_task_job_runner.py:240} INFO - Task exited with return code 0
[2026-06-10T09:16:59.554+0000] {taskinstance.py:3498} INFO - 1 downstream tasks scheduled from follow-on schedule check
[2026-06-10T09:16:59.559+0000] {local_task_job_runner.py:222} INFO - ::endgroup::
