[2026-06-10T09:16:54.105+0000] {local_task_job_runner.py:120} INFO - ::group::Pre task execution logs
[2026-06-10T09:16:54.176+0000] {taskinstance.py:2076} INFO - Dependencies all met for dep_context=non-requeueable deps ti=<TaskInstance: weather_pipeline_v2.fetch_raw_weather manual__2026-06-10T09:16:53.193402+00:00 [queued]>
[2026-06-10T09:16:54.195+0000] {taskinstance.py:2076} INFO - Dependencies all met for dep_context=requeueable deps ti=<TaskInstance: weather_pipeline_v2.fetch_raw_weather manual__2026-06-10T09:16:53.193402+00:00 [queued]>
[2026-06-10T09:16:54.197+0000] {taskinstance.py:2306} INFO - Starting attempt 1 of 4
[2026-06-10T09:16:54.222+0000] {taskinstance.py:2330} INFO - Executing <Task(PythonOperator): fetch_raw_weather> on 2026-06-10 09:16:53.193402+00:00
[2026-06-10T09:16:54.235+0000] {logging_mixin.py:188} WARNING - /home/***/.local/lib/python3.12/site-packages/***/task/task_runner/standard_task_runner.py:61 DeprecationWarning: This process (pid=334) is multi-threaded, use of fork() may lead to deadlocks in the child.
[2026-06-10T09:16:54.238+0000] {standard_task_runner.py:63} INFO - Started process 335 to run task
[2026-06-10T09:16:54.235+0000] {standard_task_runner.py:90} INFO - Running: ['***', 'tasks', 'run', 'weather_pipeline_v2', 'fetch_raw_weather', 'manual__2026-06-10T09:16:53.193402+00:00', '--job-id', '15', '--raw', '--subdir', 'DAGS_FOLDER/weather_pipeline_v2.py', '--cfg-path', '/tmp/tmphwe5b9ra']
[2026-06-10T09:16:54.240+0000] {standard_task_runner.py:91} INFO - Job 15: Subtask fetch_raw_weather
[2026-06-10T09:16:54.352+0000] {task_command.py:426} INFO - Running <TaskInstance: weather_pipeline_v2.fetch_raw_weather manual__2026-06-10T09:16:53.193402+00:00 [running]> on host a8f4778724dd
[2026-06-10T09:16:54.531+0000] {taskinstance.py:2648} INFO - Exporting env vars: AIRFLOW_CTX_DAG_OWNER='***' AIRFLOW_CTX_DAG_ID='weather_pipeline_v2' AIRFLOW_CTX_TASK_ID='fetch_raw_weather' AIRFLOW_CTX_EXECUTION_DATE='2026-06-10T09:16:53.193402+00:00' AIRFLOW_CTX_TRY_NUMBER='1' AIRFLOW_CTX_DAG_RUN_ID='manual__2026-06-10T09:16:53.193402+00:00'
[2026-06-10T09:16:54.533+0000] {taskinstance.py:430} INFO - ::endgroup::
[2026-06-10T09:16:54.575+0000] {weather_pipeline_v2.py:68} INFO - [fetch] Villes=['Paris', 'Lyon', 'Marseille', 'Bordeaux'] | forecast_days=1
[2026-06-10T09:16:54.576+0000] {fetch.py:24} INFO - [fetch] Appel API : Paris
[2026-06-10T09:16:54.866+0000] {fetch.py:27} INFO - [fetch] Paris — HTTP 200 OK
[2026-06-10T09:16:54.870+0000] {fetch.py:24} INFO - [fetch] Appel API : Lyon
[2026-06-10T09:16:55.289+0000] {fetch.py:27} INFO - [fetch] Lyon — HTTP 200 OK
[2026-06-10T09:16:55.297+0000] {fetch.py:24} INFO - [fetch] Appel API : Marseille
[2026-06-10T09:16:55.526+0000] {fetch.py:27} INFO - [fetch] Marseille — HTTP 200 OK
[2026-06-10T09:16:55.528+0000] {fetch.py:24} INFO - [fetch] Appel API : Bordeaux
[2026-06-10T09:16:55.750+0000] {fetch.py:27} INFO - [fetch] Bordeaux — HTTP 200 OK
[2026-06-10T09:16:55.753+0000] {fetch.py:37} INFO - [fetch] Total : 4 ville(s) récupérée(s)
[2026-06-10T09:16:55.789+0000] {python.py:237} INFO - Done. Returned value was: None
[2026-06-10T09:16:55.791+0000] {taskinstance.py:441} INFO - ::group::Post task execution logs
[2026-06-10T09:16:55.803+0000] {taskinstance.py:1206} INFO - Marking task as SUCCESS. dag_id=weather_pipeline_v2, task_id=fetch_raw_weather, run_id=manual__2026-06-10T09:16:53.193402+00:00, execution_date=20260610T091653, start_date=20260610T091654, end_date=20260610T091655
[2026-06-10T09:16:55.828+0000] {local_task_job_runner.py:240} INFO - Task exited with return code 0
[2026-06-10T09:16:55.868+0000] {taskinstance.py:3498} INFO - 1 downstream tasks scheduled from follow-on schedule check
[2026-06-10T09:16:55.872+0000] {local_task_job_runner.py:222} INFO - ::endgroup::
