[2026-06-10T09:14:09.438+0000] {local_task_job_runner.py:120} INFO - ::group::Pre task execution logs
[2026-06-10T09:14:09.494+0000] {taskinstance.py:2076} INFO - Dependencies all met for dep_context=non-requeueable deps ti=<TaskInstance: weather_pipeline_v2.log_quality_failure manual__2026-06-10T09:13:59.737262+00:00 [queued]>
[2026-06-10T09:14:09.510+0000] {taskinstance.py:2076} INFO - Dependencies all met for dep_context=requeueable deps ti=<TaskInstance: weather_pipeline_v2.log_quality_failure manual__2026-06-10T09:13:59.737262+00:00 [queued]>
[2026-06-10T09:14:09.512+0000] {taskinstance.py:2306} INFO - Starting attempt 1 of 3
[2026-06-10T09:14:09.533+0000] {taskinstance.py:2330} INFO - Executing <Task(PythonOperator): log_quality_failure> on 2026-06-10 09:13:59.737262+00:00
[2026-06-10T09:14:09.543+0000] {logging_mixin.py:188} WARNING - /home/***/.local/lib/python3.12/site-packages/***/task/task_runner/standard_task_runner.py:61 DeprecationWarning: This process (pid=302) is multi-threaded, use of fork() may lead to deadlocks in the child.
[2026-06-10T09:14:09.545+0000] {standard_task_runner.py:63} INFO - Started process 303 to run task
[2026-06-10T09:14:09.543+0000] {standard_task_runner.py:90} INFO - Running: ['***', 'tasks', 'run', 'weather_pipeline_v2', 'log_quality_failure', 'manual__2026-06-10T09:13:59.737262+00:00', '--job-id', '14', '--raw', '--subdir', 'DAGS_FOLDER/weather_pipeline_v2.py', '--cfg-path', '/tmp/tmpqtdcdpor']
[2026-06-10T09:14:09.547+0000] {standard_task_runner.py:91} INFO - Job 14: Subtask log_quality_failure
[2026-06-10T09:14:09.637+0000] {task_command.py:426} INFO - Running <TaskInstance: weather_pipeline_v2.log_quality_failure manual__2026-06-10T09:13:59.737262+00:00 [running]> on host a8f4778724dd
[2026-06-10T09:14:09.784+0000] {taskinstance.py:2648} INFO - Exporting env vars: AIRFLOW_CTX_DAG_OWNER='***' AIRFLOW_CTX_DAG_ID='weather_pipeline_v2' AIRFLOW_CTX_TASK_ID='log_quality_failure' AIRFLOW_CTX_EXECUTION_DATE='2026-06-10T09:13:59.737262+00:00' AIRFLOW_CTX_TRY_NUMBER='1' AIRFLOW_CTX_DAG_RUN_ID='manual__2026-06-10T09:13:59.737262+00:00'
[2026-06-10T09:14:09.786+0000] {taskinstance.py:430} INFO - ::endgroup::
[2026-06-10T09:14:09.840+0000] {weather_pipeline_v2.py:229} ERROR - [log] Pipeline BLOQUÉ — anomalie qualité, aucune donnée chargée
[2026-06-10T09:14:09.843+0000] {weather_pipeline_v2.py:231} ERROR -   ✗ Paris/2026-06-10 — temp_max_c hors plage [-50.0,60.0] : 999.0°C
[2026-06-10T09:14:09.845+0000] {weather_pipeline_v2.py:231} ERROR -   ✗ Paris/2026-06-10 — temp_min_c hors plage [-50.0,60.0] : -999.0°C
[2026-06-10T09:14:09.847+0000] {crypto.py:82} WARNING - empty cryptography key - values will not be stored encrypted.
[2026-06-10T09:14:09.850+0000] {base.py:84} INFO - Using connection ID '***_db' for task execution.
[2026-06-10T09:14:09.864+0000] {weather_pipeline_v2.py:257} INFO - [log] QUALITY_FAILURE tracé en base (2 anomalie(s))
[2026-06-10T09:14:09.865+0000] {python.py:237} INFO - Done. Returned value was: None
[2026-06-10T09:14:09.866+0000] {taskinstance.py:441} INFO - ::group::Post task execution logs
[2026-06-10T09:14:09.879+0000] {taskinstance.py:1206} INFO - Marking task as SUCCESS. dag_id=***_pipeline_v2, task_id=log_quality_failure, run_id=manual__2026-06-10T09:13:59.737262+00:00, execution_date=20260610T091359, start_date=20260610T091409, end_date=20260610T091409
[2026-06-10T09:14:09.923+0000] {local_task_job_runner.py:240} INFO - Task exited with return code 0
[2026-06-10T09:14:09.946+0000] {taskinstance.py:3498} INFO - 0 downstream tasks scheduled from follow-on schedule check
[2026-06-10T09:14:09.950+0000] {local_task_job_runner.py:222} INFO - ::endgroup::
