[2026-06-10T09:17:05.406+0000] {local_task_job_runner.py:120} INFO - ::group::Pre task execution logs
[2026-06-10T09:17:05.476+0000] {taskinstance.py:2076} INFO - Dependencies all met for dep_context=non-requeueable deps ti=<TaskInstance: weather_pipeline_v2.load_to_postgresql manual__2026-06-10T09:16:56.791459+00:00 [queued]>
[2026-06-10T09:17:05.493+0000] {taskinstance.py:2076} INFO - Dependencies all met for dep_context=requeueable deps ti=<TaskInstance: weather_pipeline_v2.load_to_postgresql manual__2026-06-10T09:16:56.791459+00:00 [queued]>
[2026-06-10T09:17:05.494+0000] {taskinstance.py:2306} INFO - Starting attempt 1 of 3
[2026-06-10T09:17:05.516+0000] {taskinstance.py:2330} INFO - Executing <Task(PythonOperator): load_to_postgresql> on 2026-06-10 09:16:56.791459+00:00
[2026-06-10T09:17:05.526+0000] {logging_mixin.py:188} WARNING - /home/***/.local/lib/python3.12/site-packages/***/task/task_runner/standard_task_runner.py:61 DeprecationWarning: This process (pid=358) is multi-threaded, use of fork() may lead to deadlocks in the child.
[2026-06-10T09:17:05.528+0000] {standard_task_runner.py:63} INFO - Started process 359 to run task
[2026-06-10T09:17:05.526+0000] {standard_task_runner.py:90} INFO - Running: ['***', 'tasks', 'run', 'weather_pipeline_v2', 'load_to_postgresql', 'manual__2026-06-10T09:16:56.791459+00:00', '--job-id', '27', '--raw', '--subdir', 'DAGS_FOLDER/weather_pipeline_v2.py', '--cfg-path', '/tmp/tmpvwgz2zkk']
[2026-06-10T09:17:05.530+0000] {standard_task_runner.py:91} INFO - Job 27: Subtask load_to_postgresql
[2026-06-10T09:17:05.621+0000] {task_command.py:426} INFO - Running <TaskInstance: weather_pipeline_v2.load_to_postgresql manual__2026-06-10T09:16:56.791459+00:00 [running]> on host a8f4778724dd
[2026-06-10T09:17:05.802+0000] {taskinstance.py:2648} INFO - Exporting env vars: AIRFLOW_CTX_DAG_OWNER='***' AIRFLOW_CTX_DAG_ID='weather_pipeline_v2' AIRFLOW_CTX_TASK_ID='load_to_postgresql' AIRFLOW_CTX_EXECUTION_DATE='2026-06-10T09:16:56.791459+00:00' AIRFLOW_CTX_TRY_NUMBER='1' AIRFLOW_CTX_DAG_RUN_ID='manual__2026-06-10T09:16:56.791459+00:00'
[2026-06-10T09:17:05.804+0000] {taskinstance.py:430} INFO - ::endgroup::
[2026-06-10T09:17:05.837+0000] {crypto.py:82} WARNING - empty cryptography key - values will not be stored encrypted.
[2026-06-10T09:17:05.839+0000] {base.py:84} INFO - Using connection ID '***_db' for task execution.
[2026-06-10T09:17:05.869+0000] {weather_pipeline_v2.py:177} INFO - [load] 4 ligne(s) insérée(s) | Total en base : 12
[2026-06-10T09:17:05.870+0000] {python.py:237} INFO - Done. Returned value was: None
[2026-06-10T09:17:05.872+0000] {taskinstance.py:441} INFO - ::group::Post task execution logs
[2026-06-10T09:17:05.884+0000] {taskinstance.py:1206} INFO - Marking task as SUCCESS. dag_id=***_pipeline_v2, task_id=load_to_postgresql, run_id=manual__2026-06-10T09:16:56.791459+00:00, execution_date=20260610T091656, start_date=20260610T091705, end_date=20260610T091705
[2026-06-10T09:17:05.908+0000] {local_task_job_runner.py:240} INFO - Task exited with return code 0
[2026-06-10T09:17:05.936+0000] {taskinstance.py:3498} INFO - 1 downstream tasks scheduled from follow-on schedule check
[2026-06-10T09:17:05.940+0000] {local_task_job_runner.py:222} INFO - ::endgroup::
