[2026-06-10T09:08:43.628+0000] {local_task_job_runner.py:120} INFO - ::group::Pre task execution logs
[2026-06-10T09:08:43.709+0000] {taskinstance.py:2076} INFO - Dependencies all met for dep_context=non-requeueable deps ti=<TaskInstance: weather_pipeline_v2.log_ingestion_success manual__2026-06-10T09:08:32.258539+00:00 [queued]>
[2026-06-10T09:08:43.728+0000] {taskinstance.py:2076} INFO - Dependencies all met for dep_context=requeueable deps ti=<TaskInstance: weather_pipeline_v2.log_ingestion_success manual__2026-06-10T09:08:32.258539+00:00 [queued]>
[2026-06-10T09:08:43.729+0000] {taskinstance.py:2306} INFO - Starting attempt 1 of 3
[2026-06-10T09:08:43.754+0000] {taskinstance.py:2330} INFO - Executing <Task(PythonOperator): log_ingestion_success> on 2026-06-10 09:08:32.258539+00:00
[2026-06-10T09:08:43.764+0000] {logging_mixin.py:188} WARNING - /home/***/.local/lib/python3.12/site-packages/***/task/task_runner/standard_task_runner.py:61 DeprecationWarning: This process (pid=240) is multi-threaded, use of fork() may lead to deadlocks in the child.
[2026-06-10T09:08:43.767+0000] {standard_task_runner.py:63} INFO - Started process 241 to run task
[2026-06-10T09:08:43.765+0000] {standard_task_runner.py:90} INFO - Running: ['***', 'tasks', 'run', 'weather_pipeline_v2', 'log_ingestion_success', 'manual__2026-06-10T09:08:32.258539+00:00', '--job-id', '8', '--raw', '--subdir', 'DAGS_FOLDER/weather_pipeline_v2.py', '--cfg-path', '/tmp/tmpzq41wpvq']
[2026-06-10T09:08:43.770+0000] {standard_task_runner.py:91} INFO - Job 8: Subtask log_ingestion_success
[2026-06-10T09:08:43.891+0000] {task_command.py:426} INFO - Running <TaskInstance: weather_pipeline_v2.log_ingestion_success manual__2026-06-10T09:08:32.258539+00:00 [running]> on host a8f4778724dd
[2026-06-10T09:08:44.037+0000] {taskinstance.py:2648} INFO - Exporting env vars: AIRFLOW_CTX_DAG_OWNER='***' AIRFLOW_CTX_DAG_ID='weather_pipeline_v2' AIRFLOW_CTX_TASK_ID='log_ingestion_success' AIRFLOW_CTX_EXECUTION_DATE='2026-06-10T09:08:32.258539+00:00' AIRFLOW_CTX_TRY_NUMBER='1' AIRFLOW_CTX_DAG_RUN_ID='manual__2026-06-10T09:08:32.258539+00:00'
[2026-06-10T09:08:44.040+0000] {taskinstance.py:430} INFO - ::endgroup::
[2026-06-10T09:08:44.098+0000] {crypto.py:82} WARNING - empty cryptography key - values will not be stored encrypted.
[2026-06-10T09:08:44.100+0000] {base.py:84} INFO - Using connection ID '***_db' for task execution.
[2026-06-10T09:08:44.114+0000] {weather_pipeline_v2.py:215} INFO - [log] SUCCESS — 4 ligne(s) chargée(s) en 0.39s
[2026-06-10T09:08:44.118+0000] {python.py:237} INFO - Done. Returned value was: None
[2026-06-10T09:08:44.119+0000] {taskinstance.py:441} INFO - ::group::Post task execution logs
[2026-06-10T09:08:44.136+0000] {taskinstance.py:1206} INFO - Marking task as SUCCESS. dag_id=***_pipeline_v2, task_id=log_ingestion_success, run_id=manual__2026-06-10T09:08:32.258539+00:00, execution_date=20260610T090832, start_date=20260610T090843, end_date=20260610T090844
[2026-06-10T09:08:44.187+0000] {local_task_job_runner.py:240} INFO - Task exited with return code 0
[2026-06-10T09:08:44.228+0000] {taskinstance.py:3498} INFO - 0 downstream tasks scheduled from follow-on schedule check
[2026-06-10T09:08:44.234+0000] {local_task_job_runner.py:222} INFO - ::endgroup::
